<?xml version="1.0" encoding="UTF-8"?>
<testsuite name="com.kodilla.stream.array.ArrayOperationsTestSuite" tests="1" skipped="0" failures="0" errors="0" timestamp="2019-12-15T12:44:46" hostname="SebastianLaptok" time="0.017">
  <properties/>
  <testcase name="testGetAverage" classname="com.kodilla.stream.array.ArrayOperationsTestSuite" time="0.017"/>
  <system-out><![CDATA[5
8
91
73
4
4
41
93
65
39
77
39
1
8
66
88
9
45
11
1
]]></system-out>
  <system-err><![CDATA[]]></system-err>
</testsuite>
