<?xml version="1.0" encoding="UTF-8"?>
<testsuite name="com.kodilla.spring.ForumUserTestSuite" tests="1" skipped="0" failures="0" errors="0" timestamp="2019-12-15T12:44:37" hostname="SebastianLaptok" time="0.402">
  <properties/>
  <testcase name="testGetUsername" classname="com.kodilla.spring.ForumUserTestSuite" time="0.402"/>
  <system-out><![CDATA[2019-12-15 13:44:37.773  INFO 10204 --- [    Test worker] .b.t.c.SpringBootTestContextBootstrapper : Neither @ContextConfiguration nor @ContextHierarchy found for test class [com.kodilla.spring.ForumUserTestSuite], using SpringBootContextLoader
2019-12-15 13:44:37.774  INFO 10204 --- [    Test worker] o.s.t.c.support.AbstractContextLoader    : Could not detect default resource locations for test class [com.kodilla.spring.ForumUserTestSuite]: no resource found for suffixes {-context.xml, Context.groovy}.
2019-12-15 13:44:37.775  INFO 10204 --- [    Test worker] t.c.s.AnnotationConfigContextLoaderUtils : Could not detect default configuration classes for test class [com.kodilla.spring.ForumUserTestSuite]: ForumUserTestSuite does not declare any static, non-private, non-final, nested classes annotated with @Configuration.
2019-12-15 13:44:37.787  INFO 10204 --- [    Test worker] .b.t.c.SpringBootTestContextBootstrapper : Found @SpringBootConfiguration com.kodilla.spring.SpringRunner for test class com.kodilla.spring.ForumUserTestSuite
2019-12-15 13:44:37.792  INFO 10204 --- [    Test worker] .b.t.c.SpringBootTestContextBootstrapper : Loaded default TestExecutionListener class names from location [META-INF/spring.factories]: [org.springframework.boot.test.autoconfigure.restdocs.RestDocsTestExecutionListener, org.springframework.boot.test.autoconfigure.web.client.MockRestServiceServerResetTestExecutionListener, org.springframework.boot.test.autoconfigure.web.servlet.MockMvcPrintOnlyOnFailureTestExecutionListener, org.springframework.boot.test.autoconfigure.web.servlet.WebDriverTestExecutionListener, org.springframework.boot.test.mock.mockito.MockitoTestExecutionListener, org.springframework.boot.test.mock.mockito.ResetMocksTestExecutionListener, org.springframework.test.context.web.ServletTestExecutionListener, org.springframework.test.context.support.DirtiesContextBeforeModesTestExecutionListener, org.springframework.test.context.support.DependencyInjectionTestExecutionListener, org.springframework.test.context.support.DirtiesContextTestExecutionListener, org.springframework.test.context.transaction.TransactionalTestExecutionListener, org.springframework.test.context.jdbc.SqlScriptsTestExecutionListener]
2019-12-15 13:44:37.794  INFO 10204 --- [    Test worker] .b.t.c.SpringBootTestContextBootstrapper : Using TestExecutionListeners: [org.springframework.test.context.support.DirtiesContextBeforeModesTestExecutionListener@4dffe1f5, org.springframework.boot.test.mock.mockito.MockitoTestExecutionListener@2531e9f6, org.springframework.boot.test.autoconfigure.SpringBootDependencyInjectionTestExecutionListener@3e54f687, org.springframework.test.context.support.DirtiesContextTestExecutionListener@629644d0, org.springframework.boot.test.autoconfigure.restdocs.RestDocsTestExecutionListener@5054f13e, org.springframework.boot.test.autoconfigure.web.client.MockRestServiceServerResetTestExecutionListener@7a00dc9b, org.springframework.boot.test.autoconfigure.web.servlet.MockMvcPrintOnlyOnFailureTestExecutionListener@6379fd92, org.springframework.boot.test.autoconfigure.web.servlet.WebDriverTestExecutionListener@331995e9, org.springframework.boot.test.mock.mockito.ResetMocksTestExecutionListener@44334fb5]
2019-12-15 13:44:37.826  INFO 10204 --- [    Test worker] s.c.a.AnnotationConfigApplicationContext : Refreshing org.springframework.context.annotation.AnnotationConfigApplicationContext@38abb7ac: startup date [Sun Dec 15 13:44:37 CET 2019]; root of context hierarchy
2019-12-15 13:44:38.196  INFO 10204 --- [    Test worker] o.s.j.e.a.AnnotationMBeanExporter        : Registering beans for JMX exposure on startup
]]></system-out>
  <system-err><![CDATA[]]></system-err>
</testsuite>
