<?xml version="1.0" encoding="UTF-8"?>
<testsuite name="com.kodilla.testing.forum.statistics.AdvStatisticsTestSuite" tests="3" skipped="0" failures="0" errors="0" timestamp="2019-12-15T12:44:48" hostname="SebastianLaptok" time="0.561">
  <properties/>
  <testcase name="calculateAdvStatisticsWithMock1" classname="com.kodilla.testing.forum.statistics.AdvStatisticsTestSuite" time="0.558"/>
  <testcase name="calculateAdvStatisticsWithMock2" classname="com.kodilla.testing.forum.statistics.AdvStatisticsTestSuite" time="0.002"/>
  <testcase name="calculateAdvStatisticsWithMock3" classname="com.kodilla.testing.forum.statistics.AdvStatisticsTestSuite" time="0.001"/>
  <system-out><![CDATA[This is the beginning of tests.
Preparing to execute test #1
Preparing to execute test #2
Preparing to execute test #3
All tests are finished.
]]></system-out>
  <system-err><![CDATA[]]></system-err>
</testsuite>
