<?xml version="1.0" encoding="UTF-8"?>
<testsuite name="com.kodilla.testing.collection.CollectionTestSuite" tests="2" skipped="0" failures="0" errors="0" timestamp="2019-12-15T12:44:48" hostname="SebastianLaptok" time="0.013">
  <properties/>
  <testcase name="testOddNumbersExterminatorEmptyList" classname="com.kodilla.testing.collection.CollectionTestSuite" time="0.012"/>
  <testcase name="testOddNumbersExterminatorNormalList" classname="com.kodilla.testing.collection.CollectionTestSuite" time="0.001"/>
  <system-out><![CDATA[Test Case: begin
Testing :[]
Test Case: end
Test Case: begin
Testing method: OddNumberExterminator
Test Case: end
]]></system-out>
  <system-err><![CDATA[]]></system-err>
</testsuite>
