<?xml version="1.0" encoding="UTF-8"?>
<testsuite name="com.kodilla.hibernate.task.dao.TaskDaoTestSuite" tests="3" skipped="0" failures="0" errors="0" timestamp="2019-12-15T12:44:25" hostname="SebastianLaptok" time="0.13">
  <properties/>
  <testcase name="testTaskDaoSave" classname="com.kodilla.hibernate.task.dao.TaskDaoTestSuite" time="0.044"/>
  <testcase name="testTaskDaoSaveWithFinancialDetails" classname="com.kodilla.hibernate.task.dao.TaskDaoTestSuite" time="0.031"/>
  <testcase name="testTastDaoFindByDuration" classname="com.kodilla.hibernate.task.dao.TaskDaoTestSuite" time="0.052"/>
  <system-out><![CDATA[2019-12-15 13:44:25.527  INFO 5012 --- [    Test worker] .b.t.c.SpringBootTestContextBootstrapper : Neither @ContextConfiguration nor @ContextHierarchy found for test class [com.kodilla.hibernate.task.dao.TaskDaoTestSuite], using SpringBootContextLoader
2019-12-15 13:44:25.528  INFO 5012 --- [    Test worker] o.s.t.c.support.AbstractContextLoader    : Could not detect default resource locations for test class [com.kodilla.hibernate.task.dao.TaskDaoTestSuite]: no resource found for suffixes {-context.xml, Context.groovy}.
2019-12-15 13:44:25.528  INFO 5012 --- [    Test worker] t.c.s.AnnotationConfigContextLoaderUtils : Could not detect default configuration classes for test class [com.kodilla.hibernate.task.dao.TaskDaoTestSuite]: TaskDaoTestSuite does not declare any static, non-private, non-final, nested classes annotated with @Configuration.
2019-12-15 13:44:25.537  INFO 5012 --- [    Test worker] .b.t.c.SpringBootTestContextBootstrapper : Found @SpringBootConfiguration com.kodilla.hibernate.KodillaHibernateApplication for test class com.kodilla.hibernate.task.dao.TaskDaoTestSuite
2019-12-15 13:44:25.540  INFO 5012 --- [    Test worker] .b.t.c.SpringBootTestContextBootstrapper : Loaded default TestExecutionListener class names from location [META-INF/spring.factories]: [org.springframework.boot.test.autoconfigure.restdocs.RestDocsTestExecutionListener, org.springframework.boot.test.autoconfigure.web.client.MockRestServiceServerResetTestExecutionListener, org.springframework.boot.test.autoconfigure.web.servlet.MockMvcPrintOnlyOnFailureTestExecutionListener, org.springframework.boot.test.autoconfigure.web.servlet.WebDriverTestExecutionListener, org.springframework.boot.test.mock.mockito.MockitoTestExecutionListener, org.springframework.boot.test.mock.mockito.ResetMocksTestExecutionListener, org.springframework.test.context.web.ServletTestExecutionListener, org.springframework.test.context.support.DirtiesContextBeforeModesTestExecutionListener, org.springframework.test.context.support.DependencyInjectionTestExecutionListener, org.springframework.test.context.support.DirtiesContextTestExecutionListener, org.springframework.test.context.transaction.TransactionalTestExecutionListener, org.springframework.test.context.jdbc.SqlScriptsTestExecutionListener, org.springframework.test.context.event.EventPublishingTestExecutionListener]
2019-12-15 13:44:25.541  INFO 5012 --- [    Test worker] .b.t.c.SpringBootTestContextBootstrapper : Using TestExecutionListeners: [org.springframework.test.context.support.DirtiesContextBeforeModesTestExecutionListener@4630d02a, org.springframework.boot.test.mock.mockito.MockitoTestExecutionListener@989b6de, org.springframework.boot.test.autoconfigure.SpringBootDependencyInjectionTestExecutionListener@498902f7, org.springframework.test.context.support.DirtiesContextTestExecutionListener@43c89a5a, org.springframework.test.context.transaction.TransactionalTestExecutionListener@3b9a389, org.springframework.test.context.jdbc.SqlScriptsTestExecutionListener@4742ca66, org.springframework.test.context.event.EventPublishingTestExecutionListener@465de6c3, org.springframework.boot.test.autoconfigure.restdocs.RestDocsTestExecutionListener@4140ae18, org.springframework.boot.test.autoconfigure.web.client.MockRestServiceServerResetTestExecutionListener@fabf852, org.springframework.boot.test.autoconfigure.web.servlet.MockMvcPrintOnlyOnFailureTestExecutionListener@5eeb023b, org.springframework.boot.test.autoconfigure.web.servlet.WebDriverTestExecutionListener@77a98cdb, org.springframework.boot.test.mock.mockito.ResetMocksTestExecutionListener@335dcc58]
Hibernate: insert into tasks (created, description, duration, task_financials_id, tasklist_id) values (?, ?, ?, ?, ?)
Hibernate: select task0_.id as id1_6_0_, task0_.created as created2_6_0_, task0_.description as descript3_6_0_, task0_.duration as duration4_6_0_, task0_.task_financials_id as task_fin5_6_0_, task0_.tasklist_id as tasklist6_6_0_, taskfinanc1_.id as id1_7_1_, taskfinanc1_.paid as paid2_7_1_, taskfinanc1_.price as price3_7_1_, tasklist2_.id as id1_8_2_, tasklist2_.description as descript2_8_2_, tasklist2_.listname as listname3_8_2_ from tasks task0_ left outer join tasks_financials taskfinanc1_ on task0_.task_financials_id=taskfinanc1_.id left outer join taskslist tasklist2_ on task0_.tasklist_id=tasklist2_.id where task0_.id=?
Hibernate: select task0_.id as id1_6_0_, task0_.created as created2_6_0_, task0_.description as descript3_6_0_, task0_.duration as duration4_6_0_, task0_.task_financials_id as task_fin5_6_0_, task0_.tasklist_id as tasklist6_6_0_, taskfinanc1_.id as id1_7_1_, taskfinanc1_.paid as paid2_7_1_, taskfinanc1_.price as price3_7_1_, tasklist2_.id as id1_8_2_, tasklist2_.description as descript2_8_2_, tasklist2_.listname as listname3_8_2_ from tasks task0_ left outer join tasks_financials taskfinanc1_ on task0_.task_financials_id=taskfinanc1_.id left outer join taskslist tasklist2_ on task0_.tasklist_id=tasklist2_.id where task0_.id=?
Hibernate: delete from tasks where id=?
Hibernate: insert into tasks_financials (paid, price) values (?, ?)
Hibernate: insert into tasks (created, description, duration, task_financials_id, tasklist_id) values (?, ?, ?, ?, ?)
Hibernate: select task0_.id as id1_6_0_, task0_.created as created2_6_0_, task0_.description as descript3_6_0_, task0_.duration as duration4_6_0_, task0_.task_financials_id as task_fin5_6_0_, task0_.tasklist_id as tasklist6_6_0_, taskfinanc1_.id as id1_7_1_, taskfinanc1_.paid as paid2_7_1_, taskfinanc1_.price as price3_7_1_, tasklist2_.id as id1_8_2_, tasklist2_.description as descript2_8_2_, tasklist2_.listname as listname3_8_2_ from tasks task0_ left outer join tasks_financials taskfinanc1_ on task0_.task_financials_id=taskfinanc1_.id left outer join taskslist tasklist2_ on task0_.tasklist_id=tasklist2_.id where task0_.id=?
Hibernate: delete from tasks where id=?
Hibernate: delete from tasks_financials where id=?
Hibernate: insert into tasks (created, description, duration, task_financials_id, tasklist_id) values (?, ?, ?, ?, ?)
Hibernate: select task0_.id as id1_6_, task0_.created as created2_6_, task0_.description as descript3_6_, task0_.duration as duration4_6_, task0_.task_financials_id as task_fin5_6_, task0_.tasklist_id as tasklist6_6_ from tasks task0_ where task0_.duration=?
Hibernate: select task0_.id as id1_6_0_, task0_.created as created2_6_0_, task0_.description as descript3_6_0_, task0_.duration as duration4_6_0_, task0_.task_financials_id as task_fin5_6_0_, task0_.tasklist_id as tasklist6_6_0_, taskfinanc1_.id as id1_7_1_, taskfinanc1_.paid as paid2_7_1_, taskfinanc1_.price as price3_7_1_, tasklist2_.id as id1_8_2_, tasklist2_.description as descript2_8_2_, tasklist2_.listname as listname3_8_2_ from tasks task0_ left outer join tasks_financials taskfinanc1_ on task0_.task_financials_id=taskfinanc1_.id left outer join taskslist tasklist2_ on task0_.tasklist_id=tasklist2_.id where task0_.id=?
Hibernate: delete from tasks where id=?
]]></system-out>
  <system-err><![CDATA[]]></system-err>
</testsuite>
