<?xml version="1.0" encoding="UTF-8"?>
<testsuite name="com.kodilla.hibernate.invoice.dao.InvoiceDaoTestSuite" tests="1" skipped="0" failures="0" errors="0" timestamp="2019-12-15T12:44:24" hostname="SebastianLaptok" time="0.316">
  <properties/>
  <testcase name="testInvoiceDaoSave" classname="com.kodilla.hibernate.invoice.dao.InvoiceDaoTestSuite" time="0.316"/>
  <system-out><![CDATA[13:44:17.509 [Test worker] DEBUG org.springframework.test.context.junit4.SpringJUnit4ClassRunner - SpringJUnit4ClassRunner constructor called with [class com.kodilla.hibernate.invoice.dao.InvoiceDaoTestSuite]
13:44:17.528 [Test worker] DEBUG org.springframework.test.context.BootstrapUtils - Instantiating CacheAwareContextLoaderDelegate from class [org.springframework.test.context.cache.DefaultCacheAwareContextLoaderDelegate]
13:44:17.549 [Test worker] DEBUG org.springframework.test.context.BootstrapUtils - Instantiating BootstrapContext using constructor [public org.springframework.test.context.support.DefaultBootstrapContext(java.lang.Class,org.springframework.test.context.CacheAwareContextLoaderDelegate)]
13:44:17.636 [Test worker] DEBUG org.springframework.test.context.BootstrapUtils - Instantiating TestContextBootstrapper for test class [com.kodilla.hibernate.invoice.dao.InvoiceDaoTestSuite] from class [org.springframework.boot.test.context.SpringBootTestContextBootstrapper]
13:44:17.663 [Test worker] INFO org.springframework.boot.test.context.SpringBootTestContextBootstrapper - Neither @ContextConfiguration nor @ContextHierarchy found for test class [com.kodilla.hibernate.invoice.dao.InvoiceDaoTestSuite], using SpringBootContextLoader
13:44:17.671 [Test worker] DEBUG org.springframework.test.context.support.AbstractContextLoader - Did not detect default resource location for test class [com.kodilla.hibernate.invoice.dao.InvoiceDaoTestSuite]: class path resource [com/kodilla/hibernate/invoice/dao/InvoiceDaoTestSuite-context.xml] does not exist
13:44:17.672 [Test worker] DEBUG org.springframework.test.context.support.AbstractContextLoader - Did not detect default resource location for test class [com.kodilla.hibernate.invoice.dao.InvoiceDaoTestSuite]: class path resource [com/kodilla/hibernate/invoice/dao/InvoiceDaoTestSuiteContext.groovy] does not exist
13:44:17.673 [Test worker] INFO org.springframework.test.context.support.AbstractContextLoader - Could not detect default resource locations for test class [com.kodilla.hibernate.invoice.dao.InvoiceDaoTestSuite]: no resource found for suffixes {-context.xml, Context.groovy}.
13:44:17.674 [Test worker] INFO org.springframework.test.context.support.AnnotationConfigContextLoaderUtils - Could not detect default configuration classes for test class [com.kodilla.hibernate.invoice.dao.InvoiceDaoTestSuite]: InvoiceDaoTestSuite does not declare any static, non-private, non-final, nested classes annotated with @Configuration.
13:44:17.745 [Test worker] DEBUG org.springframework.test.context.support.ActiveProfilesUtils - Could not find an 'annotation declaring class' for annotation type [org.springframework.test.context.ActiveProfiles] and class [com.kodilla.hibernate.invoice.dao.InvoiceDaoTestSuite]
13:44:17.895 [Test worker] DEBUG org.springframework.context.annotation.ClassPathScanningCandidateComponentProvider - Identified candidate component class: file [C:\Users\Sebastian\IdeaProjects\kodilla-course\kodilla-hibernate\build\classes\java\main\com\kodilla\hibernate\KodillaHibernateApplication.class]
13:44:17.896 [Test worker] INFO org.springframework.boot.test.context.SpringBootTestContextBootstrapper - Found @SpringBootConfiguration com.kodilla.hibernate.KodillaHibernateApplication for test class com.kodilla.hibernate.invoice.dao.InvoiceDaoTestSuite
13:44:18.049 [Test worker] DEBUG org.springframework.boot.test.context.SpringBootTestContextBootstrapper - @TestExecutionListeners is not present for class [com.kodilla.hibernate.invoice.dao.InvoiceDaoTestSuite]: using defaults.
13:44:18.050 [Test worker] INFO org.springframework.boot.test.context.SpringBootTestContextBootstrapper - Loaded default TestExecutionListener class names from location [META-INF/spring.factories]: [org.springframework.boot.test.autoconfigure.restdocs.RestDocsTestExecutionListener, org.springframework.boot.test.autoconfigure.web.client.MockRestServiceServerResetTestExecutionListener, org.springframework.boot.test.autoconfigure.web.servlet.MockMvcPrintOnlyOnFailureTestExecutionListener, org.springframework.boot.test.autoconfigure.web.servlet.WebDriverTestExecutionListener, org.springframework.boot.test.mock.mockito.MockitoTestExecutionListener, org.springframework.boot.test.mock.mockito.ResetMocksTestExecutionListener, org.springframework.test.context.web.ServletTestExecutionListener, org.springframework.test.context.support.DirtiesContextBeforeModesTestExecutionListener, org.springframework.test.context.support.DependencyInjectionTestExecutionListener, org.springframework.test.context.support.DirtiesContextTestExecutionListener, org.springframework.test.context.transaction.TransactionalTestExecutionListener, org.springframework.test.context.jdbc.SqlScriptsTestExecutionListener, org.springframework.test.context.event.EventPublishingTestExecutionListener]
13:44:18.068 [Test worker] DEBUG org.springframework.boot.test.context.SpringBootTestContextBootstrapper - Skipping candidate TestExecutionListener [org.springframework.test.context.web.ServletTestExecutionListener] due to a missing dependency. Specify custom listener classes or make the default listener classes and their required dependencies available. Offending class: [javax/servlet/ServletContext]
13:44:18.079 [Test worker] INFO org.springframework.boot.test.context.SpringBootTestContextBootstrapper - Using TestExecutionListeners: [org.springframework.test.context.support.DirtiesContextBeforeModesTestExecutionListener@42543c3e, org.springframework.boot.test.mock.mockito.MockitoTestExecutionListener@12967ada, org.springframework.boot.test.autoconfigure.SpringBootDependencyInjectionTestExecutionListener@6a950645, org.springframework.test.context.support.DirtiesContextTestExecutionListener@5a10e1d8, org.springframework.test.context.transaction.TransactionalTestExecutionListener@39468368, org.springframework.test.context.jdbc.SqlScriptsTestExecutionListener@18a76e30, org.springframework.test.context.event.EventPublishingTestExecutionListener@5ac2f44f, org.springframework.boot.test.autoconfigure.restdocs.RestDocsTestExecutionListener@781c0ee, org.springframework.boot.test.autoconfigure.web.client.MockRestServiceServerResetTestExecutionListener@ad15eb5, org.springframework.boot.test.autoconfigure.web.servlet.MockMvcPrintOnlyOnFailureTestExecutionListener@29a46731, org.springframework.boot.test.autoconfigure.web.servlet.WebDriverTestExecutionListener@64899ec6, org.springframework.boot.test.mock.mockito.ResetMocksTestExecutionListener@6d06b409]
13:44:18.084 [Test worker] DEBUG org.springframework.test.annotation.ProfileValueUtils - Retrieved @ProfileValueSourceConfiguration [null] for test class [com.kodilla.hibernate.invoice.dao.InvoiceDaoTestSuite]
13:44:18.086 [Test worker] DEBUG org.springframework.test.annotation.ProfileValueUtils - Retrieved ProfileValueSource type [class org.springframework.test.annotation.SystemProfileValueSource] for class [com.kodilla.hibernate.invoice.dao.InvoiceDaoTestSuite]
13:44:18.087 [Test worker] DEBUG org.springframework.test.annotation.ProfileValueUtils - Retrieved @ProfileValueSourceConfiguration [null] for test class [com.kodilla.hibernate.invoice.dao.InvoiceDaoTestSuite]
13:44:18.087 [Test worker] DEBUG org.springframework.test.annotation.ProfileValueUtils - Retrieved ProfileValueSource type [class org.springframework.test.annotation.SystemProfileValueSource] for class [com.kodilla.hibernate.invoice.dao.InvoiceDaoTestSuite]
13:44:18.093 [Test worker] DEBUG org.springframework.test.context.support.AbstractDirtiesContextTestExecutionListener - Before test class: context [DefaultTestContext@3529a84 testClass = InvoiceDaoTestSuite, testInstance = [null], testMethod = [null], testException = [null], mergedContextConfiguration = [MergedContextConfiguration@6e20ea11 testClass = InvoiceDaoTestSuite, locations = '{}', classes = '{class com.kodilla.hibernate.KodillaHibernateApplication}', contextInitializerClasses = '[]', activeProfiles = '{}', propertySourceLocations = '{}', propertySourceProperties = '{org.springframework.boot.test.context.SpringBootTestContextBootstrapper=true}', contextCustomizers = set[org.springframework.boot.test.autoconfigure.properties.PropertyMappingContextCustomizer@0, org.springframework.boot.test.autoconfigure.web.servlet.WebDriverContextCustomizerFactory$Customizer@26f5fa56, org.springframework.boot.test.context.filter.ExcludeFilterContextCustomizer@462843c2, org.springframework.boot.test.json.DuplicateJsonObjectContextCustomizerFactory$DuplicateJsonObjectContextCustomizer@33f16f3b, org.springframework.boot.test.mock.mockito.MockitoContextCustomizer@0, org.springframework.boot.test.web.client.TestRestTemplateContextCustomizer@69762bcc], contextLoader = 'org.springframework.boot.test.context.SpringBootContextLoader', parent = [null]], attributes = map[[empty]]], class annotated with @DirtiesContext [false] with mode [null].
13:44:18.096 [Test worker] DEBUG org.springframework.test.annotation.ProfileValueUtils - Retrieved @ProfileValueSourceConfiguration [null] for test class [com.kodilla.hibernate.invoice.dao.InvoiceDaoTestSuite]
13:44:18.096 [Test worker] DEBUG org.springframework.test.annotation.ProfileValueUtils - Retrieved ProfileValueSource type [class org.springframework.test.annotation.SystemProfileValueSource] for class [com.kodilla.hibernate.invoice.dao.InvoiceDaoTestSuite]
13:44:18.101 [Test worker] DEBUG org.springframework.test.context.support.DependencyInjectionTestExecutionListener - Performing dependency injection for test context [[DefaultTestContext@3529a84 testClass = InvoiceDaoTestSuite, testInstance = com.kodilla.hibernate.invoice.dao.InvoiceDaoTestSuite@a88449c, testMethod = [null], testException = [null], mergedContextConfiguration = [MergedContextConfiguration@6e20ea11 testClass = InvoiceDaoTestSuite, locations = '{}', classes = '{class com.kodilla.hibernate.KodillaHibernateApplication}', contextInitializerClasses = '[]', activeProfiles = '{}', propertySourceLocations = '{}', propertySourceProperties = '{org.springframework.boot.test.context.SpringBootTestContextBootstrapper=true}', contextCustomizers = set[org.springframework.boot.test.autoconfigure.properties.PropertyMappingContextCustomizer@0, org.springframework.boot.test.autoconfigure.web.servlet.WebDriverContextCustomizerFactory$Customizer@26f5fa56, org.springframework.boot.test.context.filter.ExcludeFilterContextCustomizer@462843c2, org.springframework.boot.test.json.DuplicateJsonObjectContextCustomizerFactory$DuplicateJsonObjectContextCustomizer@33f16f3b, org.springframework.boot.test.mock.mockito.MockitoContextCustomizer@0, org.springframework.boot.test.web.client.TestRestTemplateContextCustomizer@69762bcc], contextLoader = 'org.springframework.boot.test.context.SpringBootContextLoader', parent = [null]], attributes = map[[empty]]]].
13:44:18.138 [Test worker] DEBUG org.springframework.test.context.support.TestPropertySourceUtils - Adding inlined properties to environment: {spring.jmx.enabled=false, org.springframework.boot.test.context.SpringBootTestContextBootstrapper=true, server.port=-1}

  .   ____          _            __ _ _
 /\\ / ___'_ __ _ _(_)_ __  __ _ \ \ \ \
( ( )\___ | '_ | '_| | '_ \/ _` | \ \ \ \
 \\/  ___)| |_)| | | | | || (_| |  ) ) ) )
  '  |____| .__|_| |_|_| |_\__, | / / / /
 =========|_|==============|___/=/_/_/_/
 :: Spring Boot ::        (v2.2.0.RELEASE)

2019-12-15 13:44:18.586  INFO 5012 --- [    Test worker] c.k.h.invoice.dao.InvoiceDaoTestSuite    : Starting InvoiceDaoTestSuite on SebastianLaptok with PID 5012 (started by Sebastian in C:\Users\Sebastian\IdeaProjects\kodilla-course\kodilla-hibernate)
2019-12-15 13:44:18.589  INFO 5012 --- [    Test worker] c.k.h.invoice.dao.InvoiceDaoTestSuite    : No active profile set, falling back to default profiles: default
2019-12-15 13:44:19.460  INFO 5012 --- [    Test worker] .s.d.r.c.RepositoryConfigurationDelegate : Bootstrapping Spring Data repositories in DEFAULT mode.
2019-12-15 13:44:19.629  INFO 5012 --- [    Test worker] .s.d.r.c.RepositoryConfigurationDelegate : Finished Spring Data repository scanning in 151ms. Found 8 repository interfaces.
2019-12-15 13:44:20.523  INFO 5012 --- [    Test worker] o.hibernate.jpa.internal.util.LogHelper  : HHH000204: Processing PersistenceUnitInfo [name: default]
2019-12-15 13:44:20.679  INFO 5012 --- [    Test worker] org.hibernate.Version                    : HHH000412: Hibernate Core {5.4.6.Final}
2019-12-15 13:44:20.942  INFO 5012 --- [    Test worker] o.hibernate.annotations.common.Version   : HCANN000001: Hibernate Commons Annotations {5.1.0.Final}
2019-12-15 13:44:21.102  INFO 5012 --- [    Test worker] com.zaxxer.hikari.HikariDataSource       : HikariPool-1 - Starting...
2019-12-15 13:44:21.339  INFO 5012 --- [    Test worker] com.zaxxer.hikari.HikariDataSource       : HikariPool-1 - Start completed.
2019-12-15 13:44:21.367  INFO 5012 --- [    Test worker] org.hibernate.dialect.Dialect            : HHH000400: Using dialect: org.hibernate.dialect.MySQL5Dialect
Hibernate: alter table item add constraint FKfk1ol4trn6i72renhjm2x79mo foreign key (invoice_id) references invoice (id)
Hibernate: alter table item add constraint FKd1g72rrhgq1sf7m4uwfvuhlhe foreign key (product_id) references product (id)
Hibernate: alter table join_company_employee add constraint FK8qv4sbf5gudy2g20lbjoknvsy foreign key (company_id) references companies (company_id)
Hibernate: alter table join_company_employee add constraint FKhyidh70ikigdnt5yqddpn795y foreign key (employee_id) references employees (employee_id)
Hibernate: alter table tasks add constraint FKjn0lysmdvqtxtfyrmsfr6m6ho foreign key (task_financials_id) references tasks_financials (id)
Hibernate: alter table tasks add constraint FKlxoobm84mhuon6lu8tx3gh23d foreign key (tasklist_id) references taskslist (id)
2019-12-15 13:44:23.265  INFO 5012 --- [    Test worker] o.h.e.t.j.p.i.JtaPlatformInitiator       : HHH000490: Using JtaPlatform implementation: [org.hibernate.engine.transaction.jta.platform.internal.NoJtaPlatform]
2019-12-15 13:44:23.422  INFO 5012 --- [    Test worker] j.LocalContainerEntityManagerFactoryBean : Initialized JPA EntityManagerFactory for persistence unit 'default'
2019-12-15 13:44:24.800  INFO 5012 --- [    Test worker] c.k.h.invoice.dao.InvoiceDaoTestSuite    : Started InvoiceDaoTestSuite in 6.659 seconds (JVM running for 8.439)
Hibernate: insert into product (name) values (?)
Hibernate: insert into product (name) values (?)
Hibernate: insert into invoice (number) values (?)
Hibernate: insert into item (invoice_id, price, product_id, quantity, value) values (?, ?, ?, ?, ?)
Hibernate: insert into item (invoice_id, price, product_id, quantity, value) values (?, ?, ?, ?, ?)
Hibernate: select invoice0_.id as id1_2_0_, invoice0_.number as number2_2_0_ from invoice invoice0_ where invoice0_.id=?
Hibernate: select items0_.invoice_id as invoice_5_3_0_, items0_.id as id1_3_0_, items0_.id as id1_3_1_, items0_.invoice_id as invoice_5_3_1_, items0_.price as price2_3_1_, items0_.product_id as product_6_3_1_, items0_.quantity as quantity3_3_1_, items0_.value as value4_3_1_, product1_.id as id1_5_2_, product1_.name as name2_5_2_ from item items0_ left outer join product product1_ on items0_.product_id=product1_.id where items0_.invoice_id=?
Hibernate: delete from item where id=?
Hibernate: delete from item where id=?
Hibernate: delete from invoice where id=?
]]></system-out>
  <system-err><![CDATA[]]></system-err>
</testsuite>
