<?xml version="1.0" encoding="UTF-8"?>
<testsuite name="com.kodilla.hibernate.manytomany.facade.FacadeTestSuite" tests="1" skipped="0" failures="0" errors="0" timestamp="2019-12-16T20:40:49" hostname="SebastianLaptok" time="0.201">
  <properties/>
  <testcase name="testGetEmployeesByAnyLetters" classname="com.kodilla.hibernate.manytomany.facade.FacadeTestSuite" time="0.201"/>
  <system-out><![CDATA[21:40:41.826 [Test worker] DEBUG org.springframework.test.context.junit4.SpringJUnit4ClassRunner - SpringJUnit4ClassRunner constructor called with [class com.kodilla.hibernate.manytomany.facade.FacadeTestSuite]
21:40:41.844 [Test worker] DEBUG org.springframework.test.context.BootstrapUtils - Instantiating CacheAwareContextLoaderDelegate from class [org.springframework.test.context.cache.DefaultCacheAwareContextLoaderDelegate]
21:40:41.863 [Test worker] DEBUG org.springframework.test.context.BootstrapUtils - Instantiating BootstrapContext using constructor [public org.springframework.test.context.support.DefaultBootstrapContext(java.lang.Class,org.springframework.test.context.CacheAwareContextLoaderDelegate)]
21:40:41.955 [Test worker] DEBUG org.springframework.test.context.BootstrapUtils - Instantiating TestContextBootstrapper for test class [com.kodilla.hibernate.manytomany.facade.FacadeTestSuite] from class [org.springframework.boot.test.context.SpringBootTestContextBootstrapper]
21:40:41.985 [Test worker] INFO org.springframework.boot.test.context.SpringBootTestContextBootstrapper - Neither @ContextConfiguration nor @ContextHierarchy found for test class [com.kodilla.hibernate.manytomany.facade.FacadeTestSuite], using SpringBootContextLoader
21:40:41.995 [Test worker] DEBUG org.springframework.test.context.support.AbstractContextLoader - Did not detect default resource location for test class [com.kodilla.hibernate.manytomany.facade.FacadeTestSuite]: class path resource [com/kodilla/hibernate/manytomany/facade/FacadeTestSuite-context.xml] does not exist
21:40:41.995 [Test worker] DEBUG org.springframework.test.context.support.AbstractContextLoader - Did not detect default resource location for test class [com.kodilla.hibernate.manytomany.facade.FacadeTestSuite]: class path resource [com/kodilla/hibernate/manytomany/facade/FacadeTestSuiteContext.groovy] does not exist
21:40:41.996 [Test worker] INFO org.springframework.test.context.support.AbstractContextLoader - Could not detect default resource locations for test class [com.kodilla.hibernate.manytomany.facade.FacadeTestSuite]: no resource found for suffixes {-context.xml, Context.groovy}.
21:40:41.998 [Test worker] INFO org.springframework.test.context.support.AnnotationConfigContextLoaderUtils - Could not detect default configuration classes for test class [com.kodilla.hibernate.manytomany.facade.FacadeTestSuite]: FacadeTestSuite does not declare any static, non-private, non-final, nested classes annotated with @Configuration.
21:40:42.059 [Test worker] DEBUG org.springframework.test.context.support.ActiveProfilesUtils - Could not find an 'annotation declaring class' for annotation type [org.springframework.test.context.ActiveProfiles] and class [com.kodilla.hibernate.manytomany.facade.FacadeTestSuite]
21:40:42.273 [Test worker] DEBUG org.springframework.context.annotation.ClassPathScanningCandidateComponentProvider - Identified candidate component class: file [C:\Users\Sebastian\IdeaProjects\kodilla-course\kodilla-hibernate\build\classes\java\main\com\kodilla\hibernate\KodillaHibernateApplication.class]
21:40:42.275 [Test worker] INFO org.springframework.boot.test.context.SpringBootTestContextBootstrapper - Found @SpringBootConfiguration com.kodilla.hibernate.KodillaHibernateApplication for test class com.kodilla.hibernate.manytomany.facade.FacadeTestSuite
21:40:42.446 [Test worker] DEBUG org.springframework.boot.test.context.SpringBootTestContextBootstrapper - @TestExecutionListeners is not present for class [com.kodilla.hibernate.manytomany.facade.FacadeTestSuite]: using defaults.
21:40:42.448 [Test worker] INFO org.springframework.boot.test.context.SpringBootTestContextBootstrapper - Loaded default TestExecutionListener class names from location [META-INF/spring.factories]: [org.springframework.boot.test.autoconfigure.restdocs.RestDocsTestExecutionListener, org.springframework.boot.test.autoconfigure.web.client.MockRestServiceServerResetTestExecutionListener, org.springframework.boot.test.autoconfigure.web.servlet.MockMvcPrintOnlyOnFailureTestExecutionListener, org.springframework.boot.test.autoconfigure.web.servlet.WebDriverTestExecutionListener, org.springframework.boot.test.mock.mockito.MockitoTestExecutionListener, org.springframework.boot.test.mock.mockito.ResetMocksTestExecutionListener, org.springframework.test.context.web.ServletTestExecutionListener, org.springframework.test.context.support.DirtiesContextBeforeModesTestExecutionListener, org.springframework.test.context.support.DependencyInjectionTestExecutionListener, org.springframework.test.context.support.DirtiesContextTestExecutionListener, org.springframework.test.context.transaction.TransactionalTestExecutionListener, org.springframework.test.context.jdbc.SqlScriptsTestExecutionListener, org.springframework.test.context.event.EventPublishingTestExecutionListener]
21:40:42.463 [Test worker] DEBUG org.springframework.boot.test.context.SpringBootTestContextBootstrapper - Skipping candidate TestExecutionListener [org.springframework.test.context.web.ServletTestExecutionListener] due to a missing dependency. Specify custom listener classes or make the default listener classes and their required dependencies available. Offending class: [javax/servlet/ServletContext]
21:40:42.477 [Test worker] INFO org.springframework.boot.test.context.SpringBootTestContextBootstrapper - Using TestExecutionListeners: [org.springframework.test.context.support.DirtiesContextBeforeModesTestExecutionListener@be4a34a, org.springframework.boot.test.mock.mockito.MockitoTestExecutionListener@4bdb9938, org.springframework.boot.test.autoconfigure.SpringBootDependencyInjectionTestExecutionListener@45fea117, org.springframework.test.context.support.DirtiesContextTestExecutionListener@31ddb59c, org.springframework.test.context.transaction.TransactionalTestExecutionListener@1f0dbe1e, org.springframework.test.context.jdbc.SqlScriptsTestExecutionListener@808f69e, org.springframework.test.context.event.EventPublishingTestExecutionListener@38ce1891, org.springframework.boot.test.autoconfigure.restdocs.RestDocsTestExecutionListener@64633b41, org.springframework.boot.test.autoconfigure.web.client.MockRestServiceServerResetTestExecutionListener@16ec949d, org.springframework.boot.test.autoconfigure.web.servlet.MockMvcPrintOnlyOnFailureTestExecutionListener@591f3cd8, org.springframework.boot.test.autoconfigure.web.servlet.WebDriverTestExecutionListener@115dbdfa, org.springframework.boot.test.mock.mockito.ResetMocksTestExecutionListener@6c1925a3]
21:40:42.484 [Test worker] DEBUG org.springframework.test.annotation.ProfileValueUtils - Retrieved @ProfileValueSourceConfiguration [null] for test class [com.kodilla.hibernate.manytomany.facade.FacadeTestSuite]
21:40:42.485 [Test worker] DEBUG org.springframework.test.annotation.ProfileValueUtils - Retrieved ProfileValueSource type [class org.springframework.test.annotation.SystemProfileValueSource] for class [com.kodilla.hibernate.manytomany.facade.FacadeTestSuite]
21:40:42.492 [Test worker] DEBUG org.springframework.test.annotation.ProfileValueUtils - Retrieved @ProfileValueSourceConfiguration [null] for test class [com.kodilla.hibernate.manytomany.facade.FacadeTestSuite]
21:40:42.492 [Test worker] DEBUG org.springframework.test.annotation.ProfileValueUtils - Retrieved ProfileValueSource type [class org.springframework.test.annotation.SystemProfileValueSource] for class [com.kodilla.hibernate.manytomany.facade.FacadeTestSuite]
21:40:42.493 [Test worker] DEBUG org.springframework.test.annotation.ProfileValueUtils - Retrieved @ProfileValueSourceConfiguration [null] for test class [com.kodilla.hibernate.manytomany.facade.FacadeTestSuite]
21:40:42.494 [Test worker] DEBUG org.springframework.test.annotation.ProfileValueUtils - Retrieved ProfileValueSource type [class org.springframework.test.annotation.SystemProfileValueSource] for class [com.kodilla.hibernate.manytomany.facade.FacadeTestSuite]
21:40:42.500 [Test worker] DEBUG org.springframework.test.context.support.AbstractDirtiesContextTestExecutionListener - Before test class: context [DefaultTestContext@58a98479 testClass = FacadeTestSuite, testInstance = [null], testMethod = [null], testException = [null], mergedContextConfiguration = [MergedContextConfiguration@31e3a042 testClass = FacadeTestSuite, locations = '{}', classes = '{class com.kodilla.hibernate.KodillaHibernateApplication}', contextInitializerClasses = '[]', activeProfiles = '{}', propertySourceLocations = '{}', propertySourceProperties = '{org.springframework.boot.test.context.SpringBootTestContextBootstrapper=true}', contextCustomizers = set[org.springframework.boot.test.autoconfigure.properties.PropertyMappingContextCustomizer@0, org.springframework.boot.test.autoconfigure.web.servlet.WebDriverContextCustomizerFactory$Customizer@576ccc59, org.springframework.boot.test.context.filter.ExcludeFilterContextCustomizer@637253c8, org.springframework.boot.test.json.DuplicateJsonObjectContextCustomizerFactory$DuplicateJsonObjectContextCustomizer@143d7e11, org.springframework.boot.test.mock.mockito.MockitoContextCustomizer@0, org.springframework.boot.test.web.client.TestRestTemplateContextCustomizer@491a9dd6], contextLoader = 'org.springframework.boot.test.context.SpringBootContextLoader', parent = [null]], attributes = map[[empty]]], class annotated with @DirtiesContext [false] with mode [null].
21:40:42.503 [Test worker] DEBUG org.springframework.test.annotation.ProfileValueUtils - Retrieved @ProfileValueSourceConfiguration [null] for test class [com.kodilla.hibernate.manytomany.facade.FacadeTestSuite]
21:40:42.503 [Test worker] DEBUG org.springframework.test.annotation.ProfileValueUtils - Retrieved ProfileValueSource type [class org.springframework.test.annotation.SystemProfileValueSource] for class [com.kodilla.hibernate.manytomany.facade.FacadeTestSuite]
21:40:42.516 [Test worker] DEBUG org.springframework.test.context.support.DependencyInjectionTestExecutionListener - Performing dependency injection for test context [[DefaultTestContext@58a98479 testClass = FacadeTestSuite, testInstance = com.kodilla.hibernate.manytomany.facade.FacadeTestSuite@36a8dc8c, testMethod = [null], testException = [null], mergedContextConfiguration = [MergedContextConfiguration@31e3a042 testClass = FacadeTestSuite, locations = '{}', classes = '{class com.kodilla.hibernate.KodillaHibernateApplication}', contextInitializerClasses = '[]', activeProfiles = '{}', propertySourceLocations = '{}', propertySourceProperties = '{org.springframework.boot.test.context.SpringBootTestContextBootstrapper=true}', contextCustomizers = set[org.springframework.boot.test.autoconfigure.properties.PropertyMappingContextCustomizer@0, org.springframework.boot.test.autoconfigure.web.servlet.WebDriverContextCustomizerFactory$Customizer@576ccc59, org.springframework.boot.test.context.filter.ExcludeFilterContextCustomizer@637253c8, org.springframework.boot.test.json.DuplicateJsonObjectContextCustomizerFactory$DuplicateJsonObjectContextCustomizer@143d7e11, org.springframework.boot.test.mock.mockito.MockitoContextCustomizer@0, org.springframework.boot.test.web.client.TestRestTemplateContextCustomizer@491a9dd6], contextLoader = 'org.springframework.boot.test.context.SpringBootContextLoader', parent = [null]], attributes = map[[empty]]]].
21:40:42.549 [Test worker] DEBUG org.springframework.test.context.support.TestPropertySourceUtils - Adding inlined properties to environment: {spring.jmx.enabled=false, org.springframework.boot.test.context.SpringBootTestContextBootstrapper=true, server.port=-1}

  .   ____          _            __ _ _
 /\\ / ___'_ __ _ _(_)_ __  __ _ \ \ \ \
( ( )\___ | '_ | '_| | '_ \/ _` | \ \ \ \
 \\/  ___)| |_)| | | | | || (_| |  ) ) ) )
  '  |____| .__|_| |_|_| |_\__, | / / / /
 =========|_|==============|___/=/_/_/_/
 :: Spring Boot ::        (v2.2.0.RELEASE)

2019-12-16 21:40:43.042  INFO 10028 --- [    Test worker] c.k.h.manytomany.facade.FacadeTestSuite  : Starting FacadeTestSuite on SebastianLaptok with PID 10028 (started by Sebastian in C:\Users\Sebastian\IdeaProjects\kodilla-course\kodilla-hibernate)
2019-12-16 21:40:43.044  INFO 10028 --- [    Test worker] c.k.h.manytomany.facade.FacadeTestSuite  : No active profile set, falling back to default profiles: default
2019-12-16 21:40:43.972  INFO 10028 --- [    Test worker] .s.d.r.c.RepositoryConfigurationDelegate : Bootstrapping Spring Data repositories in DEFAULT mode.
2019-12-16 21:40:44.189  INFO 10028 --- [    Test worker] .s.d.r.c.RepositoryConfigurationDelegate : Finished Spring Data repository scanning in 193ms. Found 8 repository interfaces.
2019-12-16 21:40:45.154  INFO 10028 --- [    Test worker] o.hibernate.jpa.internal.util.LogHelper  : HHH000204: Processing PersistenceUnitInfo [name: default]
2019-12-16 21:40:45.278  INFO 10028 --- [    Test worker] org.hibernate.Version                    : HHH000412: Hibernate Core {5.4.6.Final}
2019-12-16 21:40:45.535  INFO 10028 --- [    Test worker] o.hibernate.annotations.common.Version   : HCANN000001: Hibernate Commons Annotations {5.1.0.Final}
2019-12-16 21:40:45.720  INFO 10028 --- [    Test worker] com.zaxxer.hikari.HikariDataSource       : HikariPool-1 - Starting...
2019-12-16 21:40:45.960  INFO 10028 --- [    Test worker] com.zaxxer.hikari.HikariDataSource       : HikariPool-1 - Start completed.
2019-12-16 21:40:45.995  INFO 10028 --- [    Test worker] org.hibernate.dialect.Dialect            : HHH000400: Using dialect: org.hibernate.dialect.MySQL5Dialect
Hibernate: alter table item add constraint FKfk1ol4trn6i72renhjm2x79mo foreign key (invoice_id) references invoice (id)
Hibernate: alter table item add constraint FKd1g72rrhgq1sf7m4uwfvuhlhe foreign key (product_id) references product (id)
Hibernate: alter table join_company_employee add constraint FK8qv4sbf5gudy2g20lbjoknvsy foreign key (company_id) references companies (company_id)
Hibernate: alter table join_company_employee add constraint FKhyidh70ikigdnt5yqddpn795y foreign key (employee_id) references employees (employee_id)
Hibernate: alter table tasks add constraint FKjn0lysmdvqtxtfyrmsfr6m6ho foreign key (task_financials_id) references tasks_financials (id)
Hibernate: alter table tasks add constraint FKlxoobm84mhuon6lu8tx3gh23d foreign key (tasklist_id) references taskslist (id)
2019-12-16 21:40:47.763  INFO 10028 --- [    Test worker] o.h.e.t.j.p.i.JtaPlatformInitiator       : HHH000490: Using JtaPlatform implementation: [org.hibernate.engine.transaction.jta.platform.internal.NoJtaPlatform]
2019-12-16 21:40:47.925  INFO 10028 --- [    Test worker] j.LocalContainerEntityManagerFactoryBean : Initialized JPA EntityManagerFactory for persistence unit 'default'
2019-12-16 21:40:49.369  INFO 10028 --- [    Test worker] c.k.h.manytomany.facade.FacadeTestSuite  : Started FacadeTestSuite in 6.816 seconds (JVM running for 8.774)
Hibernate: SELECT * FROM EMPLOYEES WHERE FIRSTNAME LIKE CONCAT('%', ?, '%') OR LASTNAME LIKE CONCAT('%', ?, '%')
[3: [Stephanie Clarckson], 10: [Stephanie Clarckson], 17: [Stephanie Clarckson], 24: [Stephanie Clarckson], 31: [Stephanie Clarckson], 38: [Stephanie Clarckson], 45: [Stephanie Clarckson], 52: [Stephanie Clarckson], 59: [Stephanie Clarckson], 66: [Stephanie Clarckson], 73: [Stephanie Clarckson], 80: [Stephanie Clarckson], 87: [Stephanie Clarckson], 94: [Stephanie Clarckson], 101: [Stephanie Clarckson], 108: [Stephanie Clarckson], 115: [Stephanie Clarckson], 122: [Stephanie Clarckson], 129: [Stephanie Clarckson], 140: [Stephanie Clarckson]]
]]></system-out>
  <system-err><![CDATA[]]></system-err>
</testsuite>
