<?xml version="1.0" encoding="UTF-8"?>
<testsuite name="com.kodilla.hibernate.tasklist.dao.TaskListDaoTestSuite" tests="3" skipped="0" failures="0" errors="0" timestamp="2019-12-15T12:44:25" hostname="SebastianLaptok" time="0.225">
  <properties/>
  <testcase name="testNamedQueries" classname="com.kodilla.hibernate.tasklist.dao.TaskListDaoTestSuite" time="0.134"/>
  <testcase name="testTaskListDaoSaveWithTasks" classname="com.kodilla.hibernate.tasklist.dao.TaskListDaoTestSuite" time="0.06"/>
  <testcase name="testFindByListName" classname="com.kodilla.hibernate.tasklist.dao.TaskListDaoTestSuite" time="0.029"/>
  <system-out><![CDATA[2019-12-15 13:44:25.724  INFO 5012 --- [    Test worker] .b.t.c.SpringBootTestContextBootstrapper : Neither @ContextConfiguration nor @ContextHierarchy found for test class [com.kodilla.hibernate.tasklist.dao.TaskListDaoTestSuite], using SpringBootContextLoader
2019-12-15 13:44:25.725  INFO 5012 --- [    Test worker] o.s.t.c.support.AbstractContextLoader    : Could not detect default resource locations for test class [com.kodilla.hibernate.tasklist.dao.TaskListDaoTestSuite]: no resource found for suffixes {-context.xml, Context.groovy}.
2019-12-15 13:44:25.726  INFO 5012 --- [    Test worker] t.c.s.AnnotationConfigContextLoaderUtils : Could not detect default configuration classes for test class [com.kodilla.hibernate.tasklist.dao.TaskListDaoTestSuite]: TaskListDaoTestSuite does not declare any static, non-private, non-final, nested classes annotated with @Configuration.
2019-12-15 13:44:25.736  INFO 5012 --- [    Test worker] .b.t.c.SpringBootTestContextBootstrapper : Found @SpringBootConfiguration com.kodilla.hibernate.KodillaHibernateApplication for test class com.kodilla.hibernate.tasklist.dao.TaskListDaoTestSuite
2019-12-15 13:44:25.741  INFO 5012 --- [    Test worker] .b.t.c.SpringBootTestContextBootstrapper : Loaded default TestExecutionListener class names from location [META-INF/spring.factories]: [org.springframework.boot.test.autoconfigure.restdocs.RestDocsTestExecutionListener, org.springframework.boot.test.autoconfigure.web.client.MockRestServiceServerResetTestExecutionListener, org.springframework.boot.test.autoconfigure.web.servlet.MockMvcPrintOnlyOnFailureTestExecutionListener, org.springframework.boot.test.autoconfigure.web.servlet.WebDriverTestExecutionListener, org.springframework.boot.test.mock.mockito.MockitoTestExecutionListener, org.springframework.boot.test.mock.mockito.ResetMocksTestExecutionListener, org.springframework.test.context.web.ServletTestExecutionListener, org.springframework.test.context.support.DirtiesContextBeforeModesTestExecutionListener, org.springframework.test.context.support.DependencyInjectionTestExecutionListener, org.springframework.test.context.support.DirtiesContextTestExecutionListener, org.springframework.test.context.transaction.TransactionalTestExecutionListener, org.springframework.test.context.jdbc.SqlScriptsTestExecutionListener, org.springframework.test.context.event.EventPublishingTestExecutionListener]
2019-12-15 13:44:25.743  INFO 5012 --- [    Test worker] .b.t.c.SpringBootTestContextBootstrapper : Using TestExecutionListeners: [org.springframework.test.context.support.DirtiesContextBeforeModesTestExecutionListener@7645e38a, org.springframework.boot.test.mock.mockito.MockitoTestExecutionListener@60d2518f, org.springframework.boot.test.autoconfigure.SpringBootDependencyInjectionTestExecutionListener@397458d7, org.springframework.test.context.support.DirtiesContextTestExecutionListener@76edbcbf, org.springframework.test.context.transaction.TransactionalTestExecutionListener@2fed585b, org.springframework.test.context.jdbc.SqlScriptsTestExecutionListener@5d412a00, org.springframework.test.context.event.EventPublishingTestExecutionListener@46e8639f, org.springframework.boot.test.autoconfigure.restdocs.RestDocsTestExecutionListener@5dfb37b9, org.springframework.boot.test.autoconfigure.web.client.MockRestServiceServerResetTestExecutionListener@189183dd, org.springframework.boot.test.autoconfigure.web.servlet.MockMvcPrintOnlyOnFailureTestExecutionListener@4c54abe5, org.springframework.boot.test.autoconfigure.web.servlet.WebDriverTestExecutionListener@4925cd6b, org.springframework.boot.test.mock.mockito.ResetMocksTestExecutionListener@4d676d09]
Hibernate: insert into taskslist (description, listname) values (?, ?)
Hibernate: insert into tasks_financials (paid, price) values (?, ?)
Hibernate: insert into tasks (created, description, duration, task_financials_id, tasklist_id) values (?, ?, ?, ?, ?)
Hibernate: insert into tasks_financials (paid, price) values (?, ?)
Hibernate: insert into tasks (created, description, duration, task_financials_id, tasklist_id) values (?, ?, ?, ?, ?)
Hibernate: insert into tasks_financials (paid, price) values (?, ?)
Hibernate: insert into tasks (created, description, duration, task_financials_id, tasklist_id) values (?, ?, ?, ?, ?)
Hibernate: insert into tasks_financials (paid, price) values (?, ?)
Hibernate: insert into tasks (created, description, duration, task_financials_id, tasklist_id) values (?, ?, ?, ?, ?)
Hibernate: select task0_.id as id1_6_, task0_.created as created2_6_, task0_.description as descript3_6_, task0_.duration as duration4_6_, task0_.task_financials_id as task_fin5_6_, task0_.tasklist_id as tasklist6_6_ from tasks task0_ where task0_.duration>10
Hibernate: select taskfinanc0_.id as id1_7_0_, taskfinanc0_.paid as paid2_7_0_, taskfinanc0_.price as price3_7_0_ from tasks_financials taskfinanc0_ where taskfinanc0_.id=?
Hibernate: select tasklist0_.id as id1_8_0_, tasklist0_.description as descript2_8_0_, tasklist0_.listname as listname3_8_0_ from taskslist tasklist0_ where tasklist0_.id=?
Hibernate: select task0_.id as id1_6_, task0_.created as created2_6_, task0_.description as descript3_6_, task0_.duration as duration4_6_, task0_.task_financials_id as task_fin5_6_, task0_.tasklist_id as tasklist6_6_ from tasks task0_ where task0_.duration<=10
Hibernate: select taskfinanc0_.id as id1_7_0_, taskfinanc0_.paid as paid2_7_0_, taskfinanc0_.price as price3_7_0_ from tasks_financials taskfinanc0_ where taskfinanc0_.id=?
Hibernate: select tasklist0_.id as id1_8_0_, tasklist0_.description as descript2_8_0_, tasklist0_.listname as listname3_8_0_ from taskslist tasklist0_ where tasklist0_.id=?
Hibernate: select taskfinanc0_.id as id1_7_0_, taskfinanc0_.paid as paid2_7_0_, taskfinanc0_.price as price3_7_0_ from tasks_financials taskfinanc0_ where taskfinanc0_.id=?
Hibernate: select taskfinanc0_.id as id1_7_0_, taskfinanc0_.paid as paid2_7_0_, taskfinanc0_.price as price3_7_0_ from tasks_financials taskfinanc0_ where taskfinanc0_.id=?
Hibernate: SELECT * FROM TASKS WHERE DATEDIFF(DATE_ADD(CREATED, INTERVAL DURATION DAY), NOW()) > 5
Hibernate: select taskfinanc0_.id as id1_7_0_, taskfinanc0_.paid as paid2_7_0_, taskfinanc0_.price as price3_7_0_ from tasks_financials taskfinanc0_ where taskfinanc0_.id=?
Hibernate: select tasklist0_.id as id1_8_0_, tasklist0_.description as descript2_8_0_, tasklist0_.listname as listname3_8_0_ from taskslist tasklist0_ where tasklist0_.id=?
Hibernate: select taskfinanc0_.id as id1_7_0_, taskfinanc0_.paid as paid2_7_0_, taskfinanc0_.price as price3_7_0_ from tasks_financials taskfinanc0_ where taskfinanc0_.id=?
Hibernate: select taskfinanc0_.id as id1_7_0_, taskfinanc0_.paid as paid2_7_0_, taskfinanc0_.price as price3_7_0_ from tasks_financials taskfinanc0_ where taskfinanc0_.id=?
Hibernate: select task0_.id as id1_6_, task0_.created as created2_6_, task0_.description as descript3_6_, task0_.duration as duration4_6_, task0_.task_financials_id as task_fin5_6_, task0_.tasklist_id as tasklist6_6_ from tasks task0_ where task0_.duration>?
Hibernate: select taskfinanc0_.id as id1_7_0_, taskfinanc0_.paid as paid2_7_0_, taskfinanc0_.price as price3_7_0_ from tasks_financials taskfinanc0_ where taskfinanc0_.id=?
Hibernate: select tasklist0_.id as id1_8_0_, tasklist0_.description as descript2_8_0_, tasklist0_.listname as listname3_8_0_ from taskslist tasklist0_ where tasklist0_.id=?
Hibernate: select taskfinanc0_.id as id1_7_0_, taskfinanc0_.paid as paid2_7_0_, taskfinanc0_.price as price3_7_0_ from tasks_financials taskfinanc0_ where taskfinanc0_.id=?
Hibernate: select tasklist0_.id as id1_8_0_, tasklist0_.description as descript2_8_0_, tasklist0_.listname as listname3_8_0_ from taskslist tasklist0_ where tasklist0_.id=?
Hibernate: select tasks0_.tasklist_id as tasklist6_6_0_, tasks0_.id as id1_6_0_, tasks0_.id as id1_6_1_, tasks0_.created as created2_6_1_, tasks0_.description as descript3_6_1_, tasks0_.duration as duration4_6_1_, tasks0_.task_financials_id as task_fin5_6_1_, tasks0_.tasklist_id as tasklist6_6_1_, taskfinanc1_.id as id1_7_2_, taskfinanc1_.paid as paid2_7_2_, taskfinanc1_.price as price3_7_2_ from tasks tasks0_ left outer join tasks_financials taskfinanc1_ on tasks0_.task_financials_id=taskfinanc1_.id where tasks0_.tasklist_id=?
Hibernate: delete from tasks where id=?
Hibernate: delete from tasks_financials where id=?
Hibernate: delete from tasks where id=?
Hibernate: delete from tasks_financials where id=?
Hibernate: delete from tasks where id=?
Hibernate: delete from tasks_financials where id=?
Hibernate: delete from tasks where id=?
Hibernate: delete from tasks_financials where id=?
Hibernate: delete from taskslist where id=?
Hibernate: insert into taskslist (description, listname) values (?, ?)
Hibernate: insert into tasks_financials (paid, price) values (?, ?)
Hibernate: insert into tasks (created, description, duration, task_financials_id, tasklist_id) values (?, ?, ?, ?, ?)
Hibernate: insert into tasks_financials (paid, price) values (?, ?)
Hibernate: insert into tasks (created, description, duration, task_financials_id, tasklist_id) values (?, ?, ?, ?, ?)
Hibernate: select tasklist0_.id as id1_8_0_, tasklist0_.description as descript2_8_0_, tasklist0_.listname as listname3_8_0_ from taskslist tasklist0_ where tasklist0_.id=?
Hibernate: select tasks0_.tasklist_id as tasklist6_6_0_, tasks0_.id as id1_6_0_, tasks0_.id as id1_6_1_, tasks0_.created as created2_6_1_, tasks0_.description as descript3_6_1_, tasks0_.duration as duration4_6_1_, tasks0_.task_financials_id as task_fin5_6_1_, tasks0_.tasklist_id as tasklist6_6_1_, taskfinanc1_.id as id1_7_2_, taskfinanc1_.paid as paid2_7_2_, taskfinanc1_.price as price3_7_2_ from tasks tasks0_ left outer join tasks_financials taskfinanc1_ on tasks0_.task_financials_id=taskfinanc1_.id where tasks0_.tasklist_id=?
Hibernate: delete from tasks where id=?
Hibernate: delete from tasks_financials where id=?
Hibernate: delete from tasks where id=?
Hibernate: delete from tasks_financials where id=?
Hibernate: delete from taskslist where id=?
Hibernate: insert into taskslist (description, listname) values (?, ?)
Hibernate: select tasklist0_.id as id1_8_, tasklist0_.description as descript2_8_, tasklist0_.listname as listname3_8_ from taskslist tasklist0_ where tasklist0_.listname=?
Hibernate: select tasklist0_.id as id1_8_0_, tasklist0_.description as descript2_8_0_, tasklist0_.listname as listname3_8_0_ from taskslist tasklist0_ where tasklist0_.id=?
Hibernate: select tasks0_.tasklist_id as tasklist6_6_0_, tasks0_.id as id1_6_0_, tasks0_.id as id1_6_1_, tasks0_.created as created2_6_1_, tasks0_.description as descript3_6_1_, tasks0_.duration as duration4_6_1_, tasks0_.task_financials_id as task_fin5_6_1_, tasks0_.tasklist_id as tasklist6_6_1_, taskfinanc1_.id as id1_7_2_, taskfinanc1_.paid as paid2_7_2_, taskfinanc1_.price as price3_7_2_ from tasks tasks0_ left outer join tasks_financials taskfinanc1_ on tasks0_.task_financials_id=taskfinanc1_.id where tasks0_.tasklist_id=?
Hibernate: delete from taskslist where id=?
]]></system-out>
  <system-err><![CDATA[]]></system-err>
</testsuite>
