<?xml version="1.0" encoding="UTF-8"?>
<testsuite name="com.kodilla.hibernate.manytomany.dao.CompanyDaoTestSuite" tests="3" skipped="0" failures="0" errors="0" timestamp="2019-12-15T12:44:25" hostname="SebastianLaptok" time="0.327">
  <properties/>
  <testcase name="testSaveManyToMany" classname="com.kodilla.hibernate.manytomany.dao.CompanyDaoTestSuite" time="0.129"/>
  <testcase name="testFindEmployeeByLastname" classname="com.kodilla.hibernate.manytomany.dao.CompanyDaoTestSuite" time="0.09"/>
  <testcase name="testFindCompaniesBy3FirstLetters" classname="com.kodilla.hibernate.manytomany.dao.CompanyDaoTestSuite" time="0.105"/>
  <system-out><![CDATA[2019-12-15 13:44:25.170  INFO 5012 --- [    Test worker] .b.t.c.SpringBootTestContextBootstrapper : Neither @ContextConfiguration nor @ContextHierarchy found for test class [com.kodilla.hibernate.manytomany.dao.CompanyDaoTestSuite], using SpringBootContextLoader
2019-12-15 13:44:25.172  INFO 5012 --- [    Test worker] o.s.t.c.support.AbstractContextLoader    : Could not detect default resource locations for test class [com.kodilla.hibernate.manytomany.dao.CompanyDaoTestSuite]: no resource found for suffixes {-context.xml, Context.groovy}.
2019-12-15 13:44:25.173  INFO 5012 --- [    Test worker] t.c.s.AnnotationConfigContextLoaderUtils : Could not detect default configuration classes for test class [com.kodilla.hibernate.manytomany.dao.CompanyDaoTestSuite]: CompanyDaoTestSuite does not declare any static, non-private, non-final, nested classes annotated with @Configuration.
2019-12-15 13:44:25.186  INFO 5012 --- [    Test worker] .b.t.c.SpringBootTestContextBootstrapper : Found @SpringBootConfiguration com.kodilla.hibernate.KodillaHibernateApplication for test class com.kodilla.hibernate.manytomany.dao.CompanyDaoTestSuite
2019-12-15 13:44:25.190  INFO 5012 --- [    Test worker] .b.t.c.SpringBootTestContextBootstrapper : Loaded default TestExecutionListener class names from location [META-INF/spring.factories]: [org.springframework.boot.test.autoconfigure.restdocs.RestDocsTestExecutionListener, org.springframework.boot.test.autoconfigure.web.client.MockRestServiceServerResetTestExecutionListener, org.springframework.boot.test.autoconfigure.web.servlet.MockMvcPrintOnlyOnFailureTestExecutionListener, org.springframework.boot.test.autoconfigure.web.servlet.WebDriverTestExecutionListener, org.springframework.boot.test.mock.mockito.MockitoTestExecutionListener, org.springframework.boot.test.mock.mockito.ResetMocksTestExecutionListener, org.springframework.test.context.web.ServletTestExecutionListener, org.springframework.test.context.support.DirtiesContextBeforeModesTestExecutionListener, org.springframework.test.context.support.DependencyInjectionTestExecutionListener, org.springframework.test.context.support.DirtiesContextTestExecutionListener, org.springframework.test.context.transaction.TransactionalTestExecutionListener, org.springframework.test.context.jdbc.SqlScriptsTestExecutionListener, org.springframework.test.context.event.EventPublishingTestExecutionListener]
2019-12-15 13:44:25.192  INFO 5012 --- [    Test worker] .b.t.c.SpringBootTestContextBootstrapper : Using TestExecutionListeners: [org.springframework.test.context.support.DirtiesContextBeforeModesTestExecutionListener@418ff42a, org.springframework.boot.test.mock.mockito.MockitoTestExecutionListener@11ff5d2e, org.springframework.boot.test.autoconfigure.SpringBootDependencyInjectionTestExecutionListener@5f7912b0, org.springframework.test.context.support.DirtiesContextTestExecutionListener@5e6b2e32, org.springframework.test.context.transaction.TransactionalTestExecutionListener@60fbaf71, org.springframework.test.context.jdbc.SqlScriptsTestExecutionListener@b86886d, org.springframework.test.context.event.EventPublishingTestExecutionListener@1c7de73f, org.springframework.boot.test.autoconfigure.restdocs.RestDocsTestExecutionListener@1b60503c, org.springframework.boot.test.autoconfigure.web.client.MockRestServiceServerResetTestExecutionListener@26dde406, org.springframework.boot.test.autoconfigure.web.servlet.MockMvcPrintOnlyOnFailureTestExecutionListener@19a7d550, org.springframework.boot.test.autoconfigure.web.servlet.WebDriverTestExecutionListener@6a908d44, org.springframework.boot.test.mock.mockito.ResetMocksTestExecutionListener@73e8d19a]
Hibernate: insert into companies (company_name) values (?)
Hibernate: insert into employees (firstname, lastname) values (?, ?)
Hibernate: insert into companies (company_name) values (?)
Hibernate: insert into employees (firstname, lastname) values (?, ?)
Hibernate: insert into companies (company_name) values (?)
Hibernate: insert into employees (firstname, lastname) values (?, ?)
Hibernate: insert into join_company_employee (employee_id, company_id) values (?, ?)
Hibernate: insert into join_company_employee (employee_id, company_id) values (?, ?)
Hibernate: insert into join_company_employee (employee_id, company_id) values (?, ?)
Hibernate: insert into join_company_employee (employee_id, company_id) values (?, ?)
Hibernate: insert into join_company_employee (employee_id, company_id) values (?, ?)
Hibernate: select company0_.company_id as company_1_0_1_, company0_.company_name as company_2_0_1_, employees1_.company_id as company_2_4_3_, employee2_.employee_id as employee1_4_3_, employee2_.employee_id as employee1_1_0_, employee2_.firstname as firstnam2_1_0_, employee2_.lastname as lastname3_1_0_ from companies company0_ left outer join join_company_employee employees1_ on company0_.company_id=employees1_.company_id left outer join employees employee2_ on employees1_.employee_id=employee2_.employee_id where company0_.company_id=?
Hibernate: select companies0_.employee_id as employee1_4_0_, companies0_.company_id as company_2_4_0_, company1_.company_id as company_1_0_1_, company1_.company_name as company_2_0_1_ from join_company_employee companies0_ inner join companies company1_ on companies0_.company_id=company1_.company_id where companies0_.employee_id=?
Hibernate: select company0_.company_id as company_1_0_1_, company0_.company_name as company_2_0_1_, employees1_.company_id as company_2_4_3_, employee2_.employee_id as employee1_4_3_, employee2_.employee_id as employee1_1_0_, employee2_.firstname as firstnam2_1_0_, employee2_.lastname as lastname3_1_0_ from companies company0_ left outer join join_company_employee employees1_ on company0_.company_id=employees1_.company_id left outer join employees employee2_ on employees1_.employee_id=employee2_.employee_id where company0_.company_id=?
Hibernate: select company0_.company_id as company_1_0_1_, company0_.company_name as company_2_0_1_, employees1_.company_id as company_2_4_3_, employee2_.employee_id as employee1_4_3_, employee2_.employee_id as employee1_1_0_, employee2_.firstname as firstnam2_1_0_, employee2_.lastname as lastname3_1_0_ from companies company0_ left outer join join_company_employee employees1_ on company0_.company_id=employees1_.company_id left outer join employees employee2_ on employees1_.employee_id=employee2_.employee_id where company0_.company_id=?
Hibernate: select companies0_.employee_id as employee1_4_0_, companies0_.company_id as company_2_4_0_, company1_.company_id as company_1_0_1_, company1_.company_name as company_2_0_1_ from join_company_employee companies0_ inner join companies company1_ on companies0_.company_id=company1_.company_id where companies0_.employee_id=?
Hibernate: select companies0_.employee_id as employee1_4_0_, companies0_.company_id as company_2_4_0_, company1_.company_id as company_1_0_1_, company1_.company_name as company_2_0_1_ from join_company_employee companies0_ inner join companies company1_ on companies0_.company_id=company1_.company_id where companies0_.employee_id=?
Hibernate: select company0_.company_id as company_1_0_1_, company0_.company_name as company_2_0_1_, employees1_.company_id as company_2_4_3_, employee2_.employee_id as employee1_4_3_, employee2_.employee_id as employee1_1_0_, employee2_.firstname as firstnam2_1_0_, employee2_.lastname as lastname3_1_0_ from companies company0_ left outer join join_company_employee employees1_ on company0_.company_id=employees1_.company_id left outer join employees employee2_ on employees1_.employee_id=employee2_.employee_id where company0_.company_id=?
Hibernate: select company0_.company_id as company_1_0_1_, company0_.company_name as company_2_0_1_, employees1_.company_id as company_2_4_3_, employee2_.employee_id as employee1_4_3_, employee2_.employee_id as employee1_1_0_, employee2_.firstname as firstnam2_1_0_, employee2_.lastname as lastname3_1_0_ from companies company0_ left outer join join_company_employee employees1_ on company0_.company_id=employees1_.company_id left outer join employees employee2_ on employees1_.employee_id=employee2_.employee_id where company0_.company_id=?
Hibernate: select companies0_.employee_id as employee1_4_0_, companies0_.company_id as company_2_4_0_, company1_.company_id as company_1_0_1_, company1_.company_name as company_2_0_1_ from join_company_employee companies0_ inner join companies company1_ on companies0_.company_id=company1_.company_id where companies0_.employee_id=?
Hibernate: select company0_.company_id as company_1_0_1_, company0_.company_name as company_2_0_1_, employees1_.company_id as company_2_4_3_, employee2_.employee_id as employee1_4_3_, employee2_.employee_id as employee1_1_0_, employee2_.firstname as firstnam2_1_0_, employee2_.lastname as lastname3_1_0_ from companies company0_ left outer join join_company_employee employees1_ on company0_.company_id=employees1_.company_id left outer join employees employee2_ on employees1_.employee_id=employee2_.employee_id where company0_.company_id=?
Hibernate: select companies0_.employee_id as employee1_4_0_, companies0_.company_id as company_2_4_0_, company1_.company_id as company_1_0_1_, company1_.company_name as company_2_0_1_ from join_company_employee companies0_ inner join companies company1_ on companies0_.company_id=company1_.company_id where companies0_.employee_id=?
Hibernate: select companies0_.employee_id as employee1_4_0_, companies0_.company_id as company_2_4_0_, company1_.company_id as company_1_0_1_, company1_.company_name as company_2_0_1_ from join_company_employee companies0_ inner join companies company1_ on companies0_.company_id=company1_.company_id where companies0_.employee_id=?
Hibernate: insert into employees (firstname, lastname) values (?, ?)
Hibernate: insert into employees (firstname, lastname) values (?, ?)
Hibernate: insert into employees (firstname, lastname) values (?, ?)
Hibernate: insert into employees (firstname, lastname) values (?, ?)
Hibernate: select employee0_.employee_id as employee1_1_, employee0_.firstname as firstnam2_1_, employee0_.lastname as lastname3_1_ from employees employee0_ where employee0_.lastname=?
Hibernate: select employee0_.employee_id as employee1_1_0_, employee0_.firstname as firstnam2_1_0_, employee0_.lastname as lastname3_1_0_ from employees employee0_ where employee0_.employee_id=?
Hibernate: select companies0_.employee_id as employee1_4_0_, companies0_.company_id as company_2_4_0_, company1_.company_id as company_1_0_1_, company1_.company_name as company_2_0_1_ from join_company_employee companies0_ inner join companies company1_ on companies0_.company_id=company1_.company_id where companies0_.employee_id=?
Hibernate: delete from employees where employee_id=?
Hibernate: select employee0_.employee_id as employee1_1_0_, employee0_.firstname as firstnam2_1_0_, employee0_.lastname as lastname3_1_0_ from employees employee0_ where employee0_.employee_id=?
Hibernate: select companies0_.employee_id as employee1_4_0_, companies0_.company_id as company_2_4_0_, company1_.company_id as company_1_0_1_, company1_.company_name as company_2_0_1_ from join_company_employee companies0_ inner join companies company1_ on companies0_.company_id=company1_.company_id where companies0_.employee_id=?
Hibernate: delete from employees where employee_id=?
Hibernate: select employee0_.employee_id as employee1_1_0_, employee0_.firstname as firstnam2_1_0_, employee0_.lastname as lastname3_1_0_ from employees employee0_ where employee0_.employee_id=?
Hibernate: select companies0_.employee_id as employee1_4_0_, companies0_.company_id as company_2_4_0_, company1_.company_id as company_1_0_1_, company1_.company_name as company_2_0_1_ from join_company_employee companies0_ inner join companies company1_ on companies0_.company_id=company1_.company_id where companies0_.employee_id=?
Hibernate: delete from employees where employee_id=?
Hibernate: select employee0_.employee_id as employee1_1_0_, employee0_.firstname as firstnam2_1_0_, employee0_.lastname as lastname3_1_0_ from employees employee0_ where employee0_.employee_id=?
Hibernate: select companies0_.employee_id as employee1_4_0_, companies0_.company_id as company_2_4_0_, company1_.company_id as company_1_0_1_, company1_.company_name as company_2_0_1_ from join_company_employee companies0_ inner join companies company1_ on companies0_.company_id=company1_.company_id where companies0_.employee_id=?
Hibernate: delete from employees where employee_id=?
Hibernate: insert into companies (company_name) values (?)
Hibernate: insert into companies (company_name) values (?)
Hibernate: insert into companies (company_name) values (?)
Hibernate: insert into companies (company_name) values (?)
Hibernate: SELECT * FROM COMPANIES WHERE COMPANY_NAME LIKE CONCAT(?, '%')
Hibernate: select company0_.company_id as company_1_0_0_, company0_.company_name as company_2_0_0_ from companies company0_ where company0_.company_id=?
Hibernate: select employees0_.company_id as company_2_4_0_, employees0_.employee_id as employee1_4_0_, employee1_.employee_id as employee1_1_1_, employee1_.firstname as firstnam2_1_1_, employee1_.lastname as lastname3_1_1_ from join_company_employee employees0_ inner join employees employee1_ on employees0_.employee_id=employee1_.employee_id where employees0_.company_id=?
Hibernate: delete from companies where company_id=?
Hibernate: select company0_.company_id as company_1_0_0_, company0_.company_name as company_2_0_0_ from companies company0_ where company0_.company_id=?
Hibernate: select employees0_.company_id as company_2_4_0_, employees0_.employee_id as employee1_4_0_, employee1_.employee_id as employee1_1_1_, employee1_.firstname as firstnam2_1_1_, employee1_.lastname as lastname3_1_1_ from join_company_employee employees0_ inner join employees employee1_ on employees0_.employee_id=employee1_.employee_id where employees0_.company_id=?
Hibernate: delete from companies where company_id=?
Hibernate: select company0_.company_id as company_1_0_0_, company0_.company_name as company_2_0_0_ from companies company0_ where company0_.company_id=?
Hibernate: select employees0_.company_id as company_2_4_0_, employees0_.employee_id as employee1_4_0_, employee1_.employee_id as employee1_1_1_, employee1_.firstname as firstnam2_1_1_, employee1_.lastname as lastname3_1_1_ from join_company_employee employees0_ inner join employees employee1_ on employees0_.employee_id=employee1_.employee_id where employees0_.company_id=?
Hibernate: delete from companies where company_id=?
Hibernate: select company0_.company_id as company_1_0_0_, company0_.company_name as company_2_0_0_ from companies company0_ where company0_.company_id=?
Hibernate: select employees0_.company_id as company_2_4_0_, employees0_.employee_id as employee1_4_0_, employee1_.employee_id as employee1_1_1_, employee1_.firstname as firstnam2_1_1_, employee1_.lastname as lastname3_1_1_ from join_company_employee employees0_ inner join employees employee1_ on employees0_.employee_id=employee1_.employee_id where employees0_.company_id=?
Hibernate: delete from companies where company_id=?
]]></system-out>
  <system-err><![CDATA[]]></system-err>
</testsuite>
