<?xml version="1.0" encoding="UTF-8"?>
<testsuite name="com.kodilla.hibernate.manytomany.facade.FacadeTestSuite" tests="1" skipped="0" failures="0" errors="0" timestamp="2019-12-28T16:11:01" hostname="DESKTOP-8HL4U4S" time="0.102">
  <properties/>
  <testcase name="testGetEmployeesByAnyLetters" classname="com.kodilla.hibernate.manytomany.facade.FacadeTestSuite" time="0.102"/>
  <system-out><![CDATA[17:10:58.221 [Test worker] DEBUG org.springframework.test.context.junit4.SpringJUnit4ClassRunner - SpringJUnit4ClassRunner constructor called with [class com.kodilla.hibernate.manytomany.facade.FacadeTestSuite]
17:10:58.229 [Test worker] DEBUG org.springframework.test.context.BootstrapUtils - Instantiating CacheAwareContextLoaderDelegate from class [org.springframework.test.context.cache.DefaultCacheAwareContextLoaderDelegate]
17:10:58.236 [Test worker] DEBUG org.springframework.test.context.BootstrapUtils - Instantiating BootstrapContext using constructor [public org.springframework.test.context.support.DefaultBootstrapContext(java.lang.Class,org.springframework.test.context.CacheAwareContextLoaderDelegate)]
17:10:58.273 [Test worker] DEBUG org.springframework.test.context.BootstrapUtils - Instantiating TestContextBootstrapper for test class [com.kodilla.hibernate.manytomany.facade.FacadeTestSuite] from class [org.springframework.boot.test.context.SpringBootTestContextBootstrapper]
17:10:58.290 [Test worker] INFO org.springframework.boot.test.context.SpringBootTestContextBootstrapper - Neither @ContextConfiguration nor @ContextHierarchy found for test class [com.kodilla.hibernate.manytomany.facade.FacadeTestSuite], using SpringBootContextLoader
17:10:58.294 [Test worker] DEBUG org.springframework.test.context.support.AbstractContextLoader - Did not detect default resource location for test class [com.kodilla.hibernate.manytomany.facade.FacadeTestSuite]: class path resource [com/kodilla/hibernate/manytomany/facade/FacadeTestSuite-context.xml] does not exist
17:10:58.294 [Test worker] DEBUG org.springframework.test.context.support.AbstractContextLoader - Did not detect default resource location for test class [com.kodilla.hibernate.manytomany.facade.FacadeTestSuite]: class path resource [com/kodilla/hibernate/manytomany/facade/FacadeTestSuiteContext.groovy] does not exist
17:10:58.295 [Test worker] INFO org.springframework.test.context.support.AbstractContextLoader - Could not detect default resource locations for test class [com.kodilla.hibernate.manytomany.facade.FacadeTestSuite]: no resource found for suffixes {-context.xml, Context.groovy}.
17:10:58.295 [Test worker] INFO org.springframework.test.context.support.AnnotationConfigContextLoaderUtils - Could not detect default configuration classes for test class [com.kodilla.hibernate.manytomany.facade.FacadeTestSuite]: FacadeTestSuite does not declare any static, non-private, non-final, nested classes annotated with @Configuration.
17:10:58.331 [Test worker] DEBUG org.springframework.test.context.support.ActiveProfilesUtils - Could not find an 'annotation declaring class' for annotation type [org.springframework.test.context.ActiveProfiles] and class [com.kodilla.hibernate.manytomany.facade.FacadeTestSuite]
17:10:58.408 [Test worker] DEBUG org.springframework.context.annotation.ClassPathScanningCandidateComponentProvider - Identified candidate component class: file [C:\Users\inglo\IdeaProjects\sebastian-inglot-kodilla-java\kodilla-hibernate\build\classes\java\main\com\kodilla\hibernate\KodillaHibernateApplication.class]
17:10:58.409 [Test worker] INFO org.springframework.boot.test.context.SpringBootTestContextBootstrapper - Found @SpringBootConfiguration com.kodilla.hibernate.KodillaHibernateApplication for test class com.kodilla.hibernate.manytomany.facade.FacadeTestSuite
17:10:58.489 [Test worker] DEBUG org.springframework.boot.test.context.SpringBootTestContextBootstrapper - @TestExecutionListeners is not present for class [com.kodilla.hibernate.manytomany.facade.FacadeTestSuite]: using defaults.
17:10:58.489 [Test worker] INFO org.springframework.boot.test.context.SpringBootTestContextBootstrapper - Loaded default TestExecutionListener class names from location [META-INF/spring.factories]: [org.springframework.boot.test.autoconfigure.restdocs.RestDocsTestExecutionListener, org.springframework.boot.test.autoconfigure.web.client.MockRestServiceServerResetTestExecutionListener, org.springframework.boot.test.autoconfigure.web.servlet.MockMvcPrintOnlyOnFailureTestExecutionListener, org.springframework.boot.test.autoconfigure.web.servlet.WebDriverTestExecutionListener, org.springframework.boot.test.mock.mockito.MockitoTestExecutionListener, org.springframework.boot.test.mock.mockito.ResetMocksTestExecutionListener, org.springframework.test.context.web.ServletTestExecutionListener, org.springframework.test.context.support.DirtiesContextBeforeModesTestExecutionListener, org.springframework.test.context.support.DependencyInjectionTestExecutionListener, org.springframework.test.context.support.DirtiesContextTestExecutionListener, org.springframework.test.context.transaction.TransactionalTestExecutionListener, org.springframework.test.context.jdbc.SqlScriptsTestExecutionListener, org.springframework.test.context.event.EventPublishingTestExecutionListener]
17:10:58.497 [Test worker] DEBUG org.springframework.boot.test.context.SpringBootTestContextBootstrapper - Skipping candidate TestExecutionListener [org.springframework.test.context.web.ServletTestExecutionListener] due to a missing dependency. Specify custom listener classes or make the default listener classes and their required dependencies available. Offending class: [javax/servlet/ServletContext]
17:10:58.504 [Test worker] INFO org.springframework.boot.test.context.SpringBootTestContextBootstrapper - Using TestExecutionListeners: [org.springframework.test.context.support.DirtiesContextBeforeModesTestExecutionListener@41c5002a, org.springframework.boot.test.mock.mockito.MockitoTestExecutionListener@338ef55d, org.springframework.boot.test.autoconfigure.SpringBootDependencyInjectionTestExecutionListener@51737e84, org.springframework.test.context.support.DirtiesContextTestExecutionListener@11f47dc2, org.springframework.test.context.transaction.TransactionalTestExecutionListener@78d9fb86, org.springframework.test.context.jdbc.SqlScriptsTestExecutionListener@3c39cddd, org.springframework.test.context.event.EventPublishingTestExecutionListener@76f40380, org.springframework.boot.test.autoconfigure.restdocs.RestDocsTestExecutionListener@44dc6af1, org.springframework.boot.test.autoconfigure.web.client.MockRestServiceServerResetTestExecutionListener@736ebc27, org.springframework.boot.test.autoconfigure.web.servlet.MockMvcPrintOnlyOnFailureTestExecutionListener@14bc0b2, org.springframework.boot.test.autoconfigure.web.servlet.WebDriverTestExecutionListener@57f52b18, org.springframework.boot.test.mock.mockito.ResetMocksTestExecutionListener@705948f5]
17:10:58.507 [Test worker] DEBUG org.springframework.test.annotation.ProfileValueUtils - Retrieved @ProfileValueSourceConfiguration [null] for test class [com.kodilla.hibernate.manytomany.facade.FacadeTestSuite]
17:10:58.507 [Test worker] DEBUG org.springframework.test.annotation.ProfileValueUtils - Retrieved ProfileValueSource type [class org.springframework.test.annotation.SystemProfileValueSource] for class [com.kodilla.hibernate.manytomany.facade.FacadeTestSuite]
17:10:58.510 [Test worker] DEBUG org.springframework.test.annotation.ProfileValueUtils - Retrieved @ProfileValueSourceConfiguration [null] for test class [com.kodilla.hibernate.manytomany.facade.FacadeTestSuite]
17:10:58.510 [Test worker] DEBUG org.springframework.test.annotation.ProfileValueUtils - Retrieved ProfileValueSource type [class org.springframework.test.annotation.SystemProfileValueSource] for class [com.kodilla.hibernate.manytomany.facade.FacadeTestSuite]
17:10:58.511 [Test worker] DEBUG org.springframework.test.annotation.ProfileValueUtils - Retrieved @ProfileValueSourceConfiguration [null] for test class [com.kodilla.hibernate.manytomany.facade.FacadeTestSuite]
17:10:58.511 [Test worker] DEBUG org.springframework.test.annotation.ProfileValueUtils - Retrieved ProfileValueSource type [class org.springframework.test.annotation.SystemProfileValueSource] for class [com.kodilla.hibernate.manytomany.facade.FacadeTestSuite]
17:10:58.514 [Test worker] DEBUG org.springframework.test.context.support.AbstractDirtiesContextTestExecutionListener - Before test class: context [DefaultTestContext@79a6bfef testClass = FacadeTestSuite, testInstance = [null], testMethod = [null], testException = [null], mergedContextConfiguration = [MergedContextConfiguration@3bc57765 testClass = FacadeTestSuite, locations = '{}', classes = '{class com.kodilla.hibernate.KodillaHibernateApplication}', contextInitializerClasses = '[]', activeProfiles = '{}', propertySourceLocations = '{}', propertySourceProperties = '{org.springframework.boot.test.context.SpringBootTestContextBootstrapper=true}', contextCustomizers = set[org.springframework.boot.test.autoconfigure.properties.PropertyMappingContextCustomizer@0, org.springframework.boot.test.autoconfigure.web.servlet.WebDriverContextCustomizerFactory$Customizer@166b0b81, org.springframework.boot.test.context.filter.ExcludeFilterContextCustomizer@74433889, org.springframework.boot.test.json.DuplicateJsonObjectContextCustomizerFactory$DuplicateJsonObjectContextCustomizer@8d30d41, org.springframework.boot.test.mock.mockito.MockitoContextCustomizer@0, org.springframework.boot.test.web.client.TestRestTemplateContextCustomizer@11601b89], contextLoader = 'org.springframework.boot.test.context.SpringBootContextLoader', parent = [null]], attributes = map[[empty]]], class annotated with @DirtiesContext [false] with mode [null].
17:10:58.515 [Test worker] DEBUG org.springframework.test.annotation.ProfileValueUtils - Retrieved @ProfileValueSourceConfiguration [null] for test class [com.kodilla.hibernate.manytomany.facade.FacadeTestSuite]
17:10:58.516 [Test worker] DEBUG org.springframework.test.annotation.ProfileValueUtils - Retrieved ProfileValueSource type [class org.springframework.test.annotation.SystemProfileValueSource] for class [com.kodilla.hibernate.manytomany.facade.FacadeTestSuite]
17:10:58.519 [Test worker] DEBUG org.springframework.test.context.support.DependencyInjectionTestExecutionListener - Performing dependency injection for test context [[DefaultTestContext@79a6bfef testClass = FacadeTestSuite, testInstance = com.kodilla.hibernate.manytomany.facade.FacadeTestSuite@5660d54c, testMethod = [null], testException = [null], mergedContextConfiguration = [MergedContextConfiguration@3bc57765 testClass = FacadeTestSuite, locations = '{}', classes = '{class com.kodilla.hibernate.KodillaHibernateApplication}', contextInitializerClasses = '[]', activeProfiles = '{}', propertySourceLocations = '{}', propertySourceProperties = '{org.springframework.boot.test.context.SpringBootTestContextBootstrapper=true}', contextCustomizers = set[org.springframework.boot.test.autoconfigure.properties.PropertyMappingContextCustomizer@0, org.springframework.boot.test.autoconfigure.web.servlet.WebDriverContextCustomizerFactory$Customizer@166b0b81, org.springframework.boot.test.context.filter.ExcludeFilterContextCustomizer@74433889, org.springframework.boot.test.json.DuplicateJsonObjectContextCustomizerFactory$DuplicateJsonObjectContextCustomizer@8d30d41, org.springframework.boot.test.mock.mockito.MockitoContextCustomizer@0, org.springframework.boot.test.web.client.TestRestTemplateContextCustomizer@11601b89], contextLoader = 'org.springframework.boot.test.context.SpringBootContextLoader', parent = [null]], attributes = map[[empty]]]].
17:10:58.534 [Test worker] DEBUG org.springframework.test.context.support.TestPropertySourceUtils - Adding inlined properties to environment: {spring.jmx.enabled=false, org.springframework.boot.test.context.SpringBootTestContextBootstrapper=true, server.port=-1}

  .   ____          _            __ _ _
 /\\ / ___'_ __ _ _(_)_ __  __ _ \ \ \ \
( ( )\___ | '_ | '_| | '_ \/ _` | \ \ \ \
 \\/  ___)| |_)| | | | | || (_| |  ) ) ) )
  '  |____| .__|_| |_|_| |_\__, | / / / /
 =========|_|==============|___/=/_/_/_/
 :: Spring Boot ::        (v2.2.0.RELEASE)

2019-12-28 17:10:58.740  INFO 11400 --- [    Test worker] c.k.h.manytomany.facade.FacadeTestSuite  : Starting FacadeTestSuite on DESKTOP-8HL4U4S with PID 11400 (started by inglo in C:\Users\inglo\IdeaProjects\sebastian-inglot-kodilla-java\kodilla-hibernate)
2019-12-28 17:10:58.741  INFO 11400 --- [    Test worker] c.k.h.manytomany.facade.FacadeTestSuite  : No active profile set, falling back to default profiles: default
2019-12-28 17:10:59.068  INFO 11400 --- [    Test worker] .s.d.r.c.RepositoryConfigurationDelegate : Bootstrapping Spring Data repositories in DEFAULT mode.
2019-12-28 17:10:59.143  INFO 11400 --- [    Test worker] .s.d.r.c.RepositoryConfigurationDelegate : Finished Spring Data repository scanning in 67ms. Found 8 repository interfaces.
2019-12-28 17:10:59.547  INFO 11400 --- [    Test worker] o.hibernate.jpa.internal.util.LogHelper  : HHH000204: Processing PersistenceUnitInfo [name: default]
2019-12-28 17:10:59.609  INFO 11400 --- [    Test worker] org.hibernate.Version                    : HHH000412: Hibernate Core {5.4.6.Final}
2019-12-28 17:10:59.740  INFO 11400 --- [    Test worker] o.hibernate.annotations.common.Version   : HCANN000001: Hibernate Commons Annotations {5.1.0.Final}
2019-12-28 17:10:59.828  INFO 11400 --- [    Test worker] com.zaxxer.hikari.HikariDataSource       : HikariPool-1 - Starting...
2019-12-28 17:10:59.944  INFO 11400 --- [    Test worker] com.zaxxer.hikari.HikariDataSource       : HikariPool-1 - Start completed.
2019-12-28 17:10:59.960  INFO 11400 --- [    Test worker] org.hibernate.dialect.Dialect            : HHH000400: Using dialect: org.hibernate.dialect.MySQL5Dialect
Hibernate: alter table item add constraint FKfk1ol4trn6i72renhjm2x79mo foreign key (invoice_id) references invoice (id)
Hibernate: alter table item add constraint FKd1g72rrhgq1sf7m4uwfvuhlhe foreign key (product_id) references product (id)
Hibernate: alter table join_company_employee add constraint FK8qv4sbf5gudy2g20lbjoknvsy foreign key (company_id) references companies (company_id)
Hibernate: alter table join_company_employee add constraint FKhyidh70ikigdnt5yqddpn795y foreign key (employee_id) references employees (employee_id)
Hibernate: alter table tasks add constraint FKjn0lysmdvqtxtfyrmsfr6m6ho foreign key (task_financials_id) references tasks_financials (id)
Hibernate: alter table tasks add constraint FKlxoobm84mhuon6lu8tx3gh23d foreign key (tasklist_id) references taskslist (id)
2019-12-28 17:11:00.953  INFO 11400 --- [    Test worker] o.h.e.t.j.p.i.JtaPlatformInitiator       : HHH000490: Using JtaPlatform implementation: [org.hibernate.engine.transaction.jta.platform.internal.NoJtaPlatform]
2019-12-28 17:11:01.044  INFO 11400 --- [    Test worker] j.LocalContainerEntityManagerFactoryBean : Initialized JPA EntityManagerFactory for persistence unit 'default'
2019-12-28 17:11:01.589  INFO 11400 --- [    Test worker] c.k.h.manytomany.facade.FacadeTestSuite  : Started FacadeTestSuite in 3.052 seconds (JVM running for 3.944)
Hibernate: SELECT * FROM EMPLOYEES WHERE FIRSTNAME LIKE CONCAT('%', ?, '%') OR LASTNAME LIKE CONCAT('%', ?, '%')
[3: [Stephanie Clarckson]]
]]></system-out>
  <system-err><![CDATA[]]></system-err>
</testsuite>
