<?xml version="1.0" encoding="UTF-8"?>
<testsuite name="com.kodilla.patterns.prototype.library.LibraryTestSuite" tests="1" skipped="0" failures="0" errors="0" timestamp="2019-12-15T12:44:27" hostname="SebastianLaptok" time="0.039">
  <properties/>
  <testcase name="testGetBooks" classname="com.kodilla.patterns.prototype.library.LibraryTestSuite" time="0.039"/>
  <system-out><![CDATA[Library 1 = [[Harry Potter 4, Someone, 2019-12-15], [Harry Potter 2, Someone, 2019-12-15], [Harry Potter 3, Someone, 2019-12-15]]
Library 3 = [[Harry Potter 4, Someone, 2019-12-15], [Harry Potter 2, Someone, 2019-12-15], [Harry Potter 3, Someone, 2019-12-15]]
Library 1 = [[Harry Potter 1, Someone, 2019-12-15], [Harry Potter 4, Someone, 2019-12-15], [Harry Potter 3, Someone, 2019-12-15], [Harry Potter 2, Someone, 2019-12-15]]
]]></system-out>
  <system-err><![CDATA[]]></system-err>
</testsuite>
