<?xml version="1.0" encoding="UTF-8"?>
<testsuite name="com.kodilla.patterns.factory.tasks.TaskFactoryTestSuite" tests="3" skipped="0" failures="0" errors="0" timestamp="2019-12-15T12:44:27" hostname="SebastianLaptok" time="0.006">
  <properties/>
  <testcase name="testFactoryDrivingTask" classname="com.kodilla.patterns.factory.tasks.TaskFactoryTestSuite" time="0.003"/>
  <testcase name="testFactoryPaintingTask" classname="com.kodilla.patterns.factory.tasks.TaskFactoryTestSuite" time="0.001"/>
  <testcase name="testFactoryShoppingTask" classname="com.kodilla.patterns.factory.tasks.TaskFactoryTestSuite" time="0.001"/>
  <system-out><![CDATA[]]></system-out>
  <system-err><![CDATA[]]></system-err>
</testsuite>
