<?xml version="1.0" encoding="UTF-8"?>
<testsuite name="com.kodilla.patterns2.aop.calculator.CalculatorTestSuite" tests="5" skipped="1" failures="0" errors="0" timestamp="2020-01-02T19:45:11" hostname="DESKTOP-8HL4U4S" time="2131.611">
  <properties/>
  <testcase name="testAdd" classname="com.kodilla.patterns2.aop.calculator.CalculatorTestSuite" time="0.181"/>
  <testcase name="testDiv" classname="com.kodilla.patterns2.aop.calculator.CalculatorTestSuite" time="0.003"/>
  <testcase name="testMul" classname="com.kodilla.patterns2.aop.calculator.CalculatorTestSuite" time="0.003"/>
  <testcase name="testSub" classname="com.kodilla.patterns2.aop.calculator.CalculatorTestSuite" time="0.003"/>
  <testcase name="testFactorial" classname="com.kodilla.patterns2.aop.calculator.CalculatorTestSuite" time="2131.418">
    <skipped/>
  </testcase>
  <system-out><![CDATA[20:45:10.898 [Test worker] DEBUG org.springframework.test.annotation.ProfileValueUtils - Retrieved @ProfileValueSourceConfiguration [null] for test class [com.kodilla.patterns2.aop.calculator.CalculatorTestSuite]
20:45:10.898 [Test worker] DEBUG org.springframework.test.annotation.ProfileValueUtils - Retrieved ProfileValueSource type [class org.springframework.test.annotation.SystemProfileValueSource] for class [com.kodilla.patterns2.aop.calculator.CalculatorTestSuite]
20:45:10.899 [Test worker] DEBUG org.springframework.test.annotation.ProfileValueUtils - Retrieved @ProfileValueSourceConfiguration [null] for test class [com.kodilla.patterns2.aop.calculator.CalculatorTestSuite]
20:45:10.899 [Test worker] DEBUG org.springframework.test.annotation.ProfileValueUtils - Retrieved ProfileValueSource type [class org.springframework.test.annotation.SystemProfileValueSource] for class [com.kodilla.patterns2.aop.calculator.CalculatorTestSuite]
20:45:10.905 [Test worker] DEBUG org.springframework.test.context.support.AbstractDirtiesContextTestExecutionListener - Before test class: context [DefaultTestContext@42a57612 testClass = CalculatorTestSuite, testInstance = [null], testMethod = [null], testException = [null], mergedContextConfiguration = [MergedContextConfiguration@60b2bca6 testClass = CalculatorTestSuite, locations = '{}', classes = '{class com.kodilla.patterns2.KodillaPatterns2Application}', contextInitializerClasses = '[]', activeProfiles = '{}', propertySourceLocations = '{}', propertySourceProperties = '{org.springframework.boot.test.context.SpringBootTestContextBootstrapper=true}', contextCustomizers = set[org.springframework.boot.test.autoconfigure.properties.PropertyMappingContextCustomizer@0, org.springframework.boot.test.autoconfigure.web.servlet.WebDriverContextCustomizerFactory$Customizer@15316a2a, org.springframework.boot.test.context.filter.ExcludeFilterContextCustomizer@6c0be555, org.springframework.boot.test.json.DuplicateJsonObjectContextCustomizerFactory$DuplicateJsonObjectContextCustomizer@b0fc344, org.springframework.boot.test.mock.mockito.MockitoContextCustomizer@0, org.springframework.boot.test.web.client.TestRestTemplateContextCustomizer@4690e272], contextLoader = 'org.springframework.boot.test.context.SpringBootContextLoader', parent = [null]], attributes = map[[empty]]], class annotated with @DirtiesContext [false] with mode [null].
20:45:10.907 [Test worker] DEBUG org.springframework.test.annotation.ProfileValueUtils - Retrieved @ProfileValueSourceConfiguration [null] for test class [com.kodilla.patterns2.aop.calculator.CalculatorTestSuite]
20:45:10.907 [Test worker] DEBUG org.springframework.test.annotation.ProfileValueUtils - Retrieved ProfileValueSource type [class org.springframework.test.annotation.SystemProfileValueSource] for class [com.kodilla.patterns2.aop.calculator.CalculatorTestSuite]
20:45:10.911 [Test worker] DEBUG org.springframework.test.context.support.DependencyInjectionTestExecutionListener - Performing dependency injection for test context [[DefaultTestContext@42a57612 testClass = CalculatorTestSuite, testInstance = com.kodilla.patterns2.aop.calculator.CalculatorTestSuite@55876235, testMethod = [null], testException = [null], mergedContextConfiguration = [MergedContextConfiguration@60b2bca6 testClass = CalculatorTestSuite, locations = '{}', classes = '{class com.kodilla.patterns2.KodillaPatterns2Application}', contextInitializerClasses = '[]', activeProfiles = '{}', propertySourceLocations = '{}', propertySourceProperties = '{org.springframework.boot.test.context.SpringBootTestContextBootstrapper=true}', contextCustomizers = set[org.springframework.boot.test.autoconfigure.properties.PropertyMappingContextCustomizer@0, org.springframework.boot.test.autoconfigure.web.servlet.WebDriverContextCustomizerFactory$Customizer@15316a2a, org.springframework.boot.test.context.filter.ExcludeFilterContextCustomizer@6c0be555, org.springframework.boot.test.json.DuplicateJsonObjectContextCustomizerFactory$DuplicateJsonObjectContextCustomizer@b0fc344, org.springframework.boot.test.mock.mockito.MockitoContextCustomizer@0, org.springframework.boot.test.web.client.TestRestTemplateContextCustomizer@4690e272], contextLoader = 'org.springframework.boot.test.context.SpringBootContextLoader', parent = [null]], attributes = map[[empty]]]].
20:45:10.932 [Test worker] DEBUG org.springframework.test.context.support.TestPropertySourceUtils - Adding inlined properties to environment: {spring.jmx.enabled=false, org.springframework.boot.test.context.SpringBootTestContextBootstrapper=true, server.port=-1}

  .   ____          _            __ _ _
 /\\ / ___'_ __ _ _(_)_ __  __ _ \ \ \ \
( ( )\___ | '_ | '_| | '_ \/ _` | \ \ \ \
 \\/  ___)| |_)| | | | | || (_| |  ) ) ) )
  '  |____| .__|_| |_|_| |_\__, | / / / /
 =========|_|==============|___/=/_/_/_/
 :: Spring Boot ::        (v2.2.0.RELEASE)

2020-01-02 20:45:11.140  INFO 10236 --- [    Test worker] c.k.p.a.calculator.CalculatorTestSuite   : Starting CalculatorTestSuite on DESKTOP-8HL4U4S with PID 10236 (started by inglo in C:\Users\inglo\IdeaProjects\sebastian-inglot-kodilla-java\kodilla-patterns2)
2020-01-02 20:45:11.141  INFO 10236 --- [    Test worker] c.k.p.a.calculator.CalculatorTestSuite   : No active profile set, falling back to default profiles: default
2020-01-02 20:45:11.847  INFO 10236 --- [    Test worker] c.k.p.a.calculator.CalculatorTestSuite   : Started CalculatorTestSuite in 0.912 seconds (JVM running for 2.069)
2020-01-02 20:45:12.030  INFO 10236 --- [    Test worker] c.k.p.a.calculator.CalculatorTestSuite   : Testing add method
2020-01-02 20:45:12.038  INFO 10236 --- [    Test worker] c.k.p.a.calculator.CalculatorTestSuite   : Testing div method
2020-01-02 20:45:12.042  INFO 10236 --- [    Test worker] c.k.p.a.calculator.CalculatorTestSuite   : Testing mul method
2020-01-02 20:45:12.046  INFO 10236 --- [    Test worker] c.k.p.a.calculator.CalculatorTestSuite   : Testing sub method
]]></system-out>
  <system-err><![CDATA[]]></system-err>
</testsuite>
