<?xml version="1.0" encoding="UTF-8"?>
<testsuite name="com.kodilla.patterns2.facade.ShopServiceTestSuite" tests="1" skipped="0" failures="0" errors="0" timestamp="2019-12-16T17:49:05" hostname="SebastianLaptok" time="0.97">
  <properties/>
  <testcase name="testShopServiceSubmitOrder" classname="com.kodilla.patterns2.facade.ShopServiceTestSuite" time="0.97"/>
  <system-out><![CDATA[18:49:04.080 [Test worker] DEBUG org.springframework.test.annotation.ProfileValueUtils - Retrieved @ProfileValueSourceConfiguration [null] for test class [com.kodilla.patterns2.facade.ShopServiceTestSuite]
18:49:04.081 [Test worker] DEBUG org.springframework.test.annotation.ProfileValueUtils - Retrieved ProfileValueSource type [class org.springframework.test.annotation.SystemProfileValueSource] for class [com.kodilla.patterns2.facade.ShopServiceTestSuite]
18:49:04.082 [Test worker] DEBUG org.springframework.test.annotation.ProfileValueUtils - Retrieved @ProfileValueSourceConfiguration [null] for test class [com.kodilla.patterns2.facade.ShopServiceTestSuite]
18:49:04.082 [Test worker] DEBUG org.springframework.test.annotation.ProfileValueUtils - Retrieved ProfileValueSource type [class org.springframework.test.annotation.SystemProfileValueSource] for class [com.kodilla.patterns2.facade.ShopServiceTestSuite]
18:49:04.090 [Test worker] DEBUG org.springframework.test.context.support.AbstractDirtiesContextTestExecutionListener - Before test class: context [DefaultTestContext@6f410ed7 testClass = ShopServiceTestSuite, testInstance = [null], testMethod = [null], testException = [null], mergedContextConfiguration = [MergedContextConfiguration@58929da2 testClass = ShopServiceTestSuite, locations = '{}', classes = '{class com.kodilla.patterns2.KodillaPatterns2Application}', contextInitializerClasses = '[]', activeProfiles = '{}', propertySourceLocations = '{}', propertySourceProperties = '{org.springframework.boot.test.context.SpringBootTestContextBootstrapper=true}', contextCustomizers = set[org.springframework.boot.test.autoconfigure.properties.PropertyMappingContextCustomizer@0, org.springframework.boot.test.autoconfigure.web.servlet.WebDriverContextCustomizerFactory$Customizer@548e77d1, org.springframework.boot.test.context.filter.ExcludeFilterContextCustomizer@656621c8, org.springframework.boot.test.json.DuplicateJsonObjectContextCustomizerFactory$DuplicateJsonObjectContextCustomizer@54e05d8a, org.springframework.boot.test.mock.mockito.MockitoContextCustomizer@0, org.springframework.boot.test.web.client.TestRestTemplateContextCustomizer@860fbf7], contextLoader = 'org.springframework.boot.test.context.SpringBootContextLoader', parent = [null]], attributes = map[[empty]]], class annotated with @DirtiesContext [false] with mode [null].
18:49:04.096 [Test worker] DEBUG org.springframework.test.annotation.ProfileValueUtils - Retrieved @ProfileValueSourceConfiguration [null] for test class [com.kodilla.patterns2.facade.ShopServiceTestSuite]
18:49:04.097 [Test worker] DEBUG org.springframework.test.annotation.ProfileValueUtils - Retrieved ProfileValueSource type [class org.springframework.test.annotation.SystemProfileValueSource] for class [com.kodilla.patterns2.facade.ShopServiceTestSuite]
18:49:04.109 [Test worker] DEBUG org.springframework.test.context.support.DependencyInjectionTestExecutionListener - Performing dependency injection for test context [[DefaultTestContext@6f410ed7 testClass = ShopServiceTestSuite, testInstance = com.kodilla.patterns2.facade.ShopServiceTestSuite@5df61aff, testMethod = [null], testException = [null], mergedContextConfiguration = [MergedContextConfiguration@58929da2 testClass = ShopServiceTestSuite, locations = '{}', classes = '{class com.kodilla.patterns2.KodillaPatterns2Application}', contextInitializerClasses = '[]', activeProfiles = '{}', propertySourceLocations = '{}', propertySourceProperties = '{org.springframework.boot.test.context.SpringBootTestContextBootstrapper=true}', contextCustomizers = set[org.springframework.boot.test.autoconfigure.properties.PropertyMappingContextCustomizer@0, org.springframework.boot.test.autoconfigure.web.servlet.WebDriverContextCustomizerFactory$Customizer@548e77d1, org.springframework.boot.test.context.filter.ExcludeFilterContextCustomizer@656621c8, org.springframework.boot.test.json.DuplicateJsonObjectContextCustomizerFactory$DuplicateJsonObjectContextCustomizer@54e05d8a, org.springframework.boot.test.mock.mockito.MockitoContextCustomizer@0, org.springframework.boot.test.web.client.TestRestTemplateContextCustomizer@860fbf7], contextLoader = 'org.springframework.boot.test.context.SpringBootContextLoader', parent = [null]], attributes = map[[empty]]]].
18:49:04.233 [Test worker] DEBUG org.springframework.test.context.support.TestPropertySourceUtils - Adding inlined properties to environment: {spring.jmx.enabled=false, org.springframework.boot.test.context.SpringBootTestContextBootstrapper=true, server.port=-1}

  .   ____          _            __ _ _
 /\\ / ___'_ __ _ _(_)_ __  __ _ \ \ \ \
( ( )\___ | '_ | '_| | '_ \/ _` | \ \ \ \
 \\/  ___)| |_)| | | | | || (_| |  ) ) ) )
  '  |____| .__|_| |_|_| |_\__, | / / / /
 =========|_|==============|___/=/_/_/_/
 :: Spring Boot ::        (v2.2.0.RELEASE)

2019-12-16 18:49:04.758  INFO 3244 --- [    Test worker] c.k.p.facade.ShopServiceTestSuite        : Starting ShopServiceTestSuite on SebastianLaptok with PID 3244 (started by Sebastian in C:\Users\Sebastian\IdeaProjects\kodilla-course\kodilla-patterns2)
2019-12-16 18:49:04.761  INFO 3244 --- [    Test worker] c.k.p.facade.ShopServiceTestSuite        : No active profile set, falling back to default profiles: default
2019-12-16 18:49:05.777  INFO 3244 --- [    Test worker] c.k.p.facade.ShopServiceTestSuite        : Started ShopServiceTestSuite in 1.539 seconds (JVM running for 3.887)
Registering new order, ID: 1
Adding item: 10, 2 pcs
Adding item: 216, 1 pc
Adding item: 25, 1 pc
Adding item: 100, 2.5 pcs
Adding item: 11, 3 pcs
Item 100 was deleted from order
Order value is: 7080 USD
Payment for order was done
Order cannot be submitted
Order not submitted - cancelling
Order is cancelled
]]></system-out>
  <system-err><![CDATA[]]></system-err>
</testsuite>
