<?xml version="1.0" encoding="UTF-8"?>
<testsuite name="com.kodilla.patterns2.KodillaPatterns2ApplicationTests" tests="1" skipped="0" failures="0" errors="0" timestamp="2019-12-15T12:44:32" hostname="SebastianLaptok" time="0.028">
  <properties/>
  <testcase name="contextLoads()" classname="com.kodilla.patterns2.KodillaPatterns2ApplicationTests" time="0.028"/>
  <system-out><![CDATA[2019-12-15 13:44:32.732  INFO 6728 --- [    Test worker] .b.t.c.SpringBootTestContextBootstrapper : Neither @ContextConfiguration nor @ContextHierarchy found for test class [com.kodilla.patterns2.KodillaPatterns2ApplicationTests], using SpringBootContextLoader
2019-12-15 13:44:32.734  INFO 6728 --- [    Test worker] o.s.t.c.support.AbstractContextLoader    : Could not detect default resource locations for test class [com.kodilla.patterns2.KodillaPatterns2ApplicationTests]: no resource found for suffixes {-context.xml, Context.groovy}.
2019-12-15 13:44:32.734  INFO 6728 --- [    Test worker] t.c.s.AnnotationConfigContextLoaderUtils : Could not detect default configuration classes for test class [com.kodilla.patterns2.KodillaPatterns2ApplicationTests]: KodillaPatterns2ApplicationTests does not declare any static, non-private, non-final, nested classes annotated with @Configuration.
2019-12-15 13:44:32.743  INFO 6728 --- [    Test worker] .b.t.c.SpringBootTestContextBootstrapper : Found @SpringBootConfiguration com.kodilla.patterns2.KodillaPatterns2Application for test class com.kodilla.patterns2.KodillaPatterns2ApplicationTests
2019-12-15 13:44:32.748  INFO 6728 --- [    Test worker] .b.t.c.SpringBootTestContextBootstrapper : Loaded default TestExecutionListener class names from location [META-INF/spring.factories]: [org.springframework.boot.test.autoconfigure.restdocs.RestDocsTestExecutionListener, org.springframework.boot.test.autoconfigure.web.client.MockRestServiceServerResetTestExecutionListener, org.springframework.boot.test.autoconfigure.web.servlet.MockMvcPrintOnlyOnFailureTestExecutionListener, org.springframework.boot.test.autoconfigure.web.servlet.WebDriverTestExecutionListener, org.springframework.boot.test.mock.mockito.MockitoTestExecutionListener, org.springframework.boot.test.mock.mockito.ResetMocksTestExecutionListener, org.springframework.test.context.web.ServletTestExecutionListener, org.springframework.test.context.support.DirtiesContextBeforeModesTestExecutionListener, org.springframework.test.context.support.DependencyInjectionTestExecutionListener, org.springframework.test.context.support.DirtiesContextTestExecutionListener, org.springframework.test.context.transaction.TransactionalTestExecutionListener, org.springframework.test.context.jdbc.SqlScriptsTestExecutionListener, org.springframework.test.context.event.EventPublishingTestExecutionListener]
2019-12-15 13:44:32.751  INFO 6728 --- [    Test worker] .b.t.c.SpringBootTestContextBootstrapper : Using TestExecutionListeners: [org.springframework.test.context.support.DirtiesContextBeforeModesTestExecutionListener@1e0c5f91, org.springframework.boot.test.mock.mockito.MockitoTestExecutionListener@77955fe1, org.springframework.boot.test.autoconfigure.SpringBootDependencyInjectionTestExecutionListener@7d67f8ef, org.springframework.test.context.support.DirtiesContextTestExecutionListener@3cf83753, org.springframework.test.context.event.EventPublishingTestExecutionListener@4074178a, org.springframework.boot.test.autoconfigure.restdocs.RestDocsTestExecutionListener@1dc32232, org.springframework.boot.test.autoconfigure.web.client.MockRestServiceServerResetTestExecutionListener@5f2111e5, org.springframework.boot.test.autoconfigure.web.servlet.MockMvcPrintOnlyOnFailureTestExecutionListener@229ee7fd, org.springframework.boot.test.autoconfigure.web.servlet.WebDriverTestExecutionListener@42b66c63, org.springframework.boot.test.mock.mockito.ResetMocksTestExecutionListener@46e014b5]
]]></system-out>
  <system-err><![CDATA[]]></system-err>
</testsuite>
